2019-07-05 03:00:00,089 INFO (CouponService.java:190)- 每天定时任务,判断优惠券是否过期
2019-07-05 03:00:05,392 WARN (PoolBase.java:173)- HikariPool-1 - Failed to validate connection com.mysql.jdbc.JDBC4Connection@6dacbfea (No operations allowed after connection closed.)
2019-07-05 03:00:10,404 WARN (PoolBase.java:173)- HikariPool-1 - Failed to validate connection com.mysql.jdbc.JDBC4Connection@149d3357 (No operations allowed after connection closed.)
2019-07-05 03:00:15,414 WARN (PoolBase.java:173)- HikariPool-1 - Failed to validate connection com.mysql.jdbc.JDBC4Connection@3f7ac6fd (No operations allowed after connection closed.)
2019-07-05 03:00:20,426 WARN (PoolBase.java:173)- HikariPool-1 - Failed to validate connection com.mysql.jdbc.JDBC4Connection@494dff0f (No operations allowed after connection closed.)
2019-07-05 03:00:25,431 WARN (PoolBase.java:173)- HikariPool-1 - Failed to validate connection com.mysql.jdbc.JDBC4Connection@1c9446d3 (No operations allowed after connection closed.)
2019-07-05 03:00:30,439 WARN (PoolBase.java:173)- HikariPool-1 - Failed to validate connection com.mysql.jdbc.JDBC4Connection@3595a521 (No operations allowed after connection closed.)
2019-07-05 08:53:01,390 INFO (CustomerCotroller.java:365)- 获取用户信息openid:o7112v0qdTRxqTk7ABNIhAjYSEEU
2019-07-05 08:53:06,403 WARN (PoolBase.java:173)- HikariPool-1 - Failed to validate connection com.mysql.jdbc.JDBC4Connection@3883a586 (No operations allowed after connection closed.)
2019-07-05 08:53:11,417 WARN (PoolBase.java:173)- HikariPool-1 - Failed to validate connection com.mysql.jdbc.JDBC4Connection@a3d41f0 (No operations allowed after connection closed.)
2019-07-05 08:53:16,429 WARN (PoolBase.java:173)- HikariPool-1 - Failed to validate connection com.mysql.jdbc.JDBC4Connection@9767e62 (No operations allowed after connection closed.)
2019-07-05 08:53:21,441 WARN (PoolBase.java:173)- HikariPool-1 - Failed to validate connection com.mysql.jdbc.JDBC4Connection@62f0a70f (No operations allowed after connection closed.)
2019-07-05 08:53:26,447 WARN (PoolBase.java:173)- HikariPool-1 - Failed to validate connection com.mysql.jdbc.JDBC4Connection@1672170b (No operations allowed after connection closed.)
2019-07-05 08:53:31,456 WARN (PoolBase.java:173)- HikariPool-1 - Failed to validate connection com.mysql.jdbc.JDBC4Connection@61cc8727 (No operations allowed after connection closed.)
2019-07-05 08:53:31,517 ERROR (DirectJDKLog.java:182)- Servlet.service() for servlet [dispatcherServlet] in context with path [/gogirl_user] threw exception [Request processing failed; nested exception is org.mybatis.spring.MyBatisSystemException: nested exception is org.apache.ibatis.exceptions.PersistenceException: 
### Error querying database.  Cause: org.springframework.jdbc.CannotGetJdbcConnectionException: Failed to obtain JDBC Connection; nested exception is java.sql.SQLTransientConnectionException: HikariPool-1 - Connection is not available, request timed out after 30058ms.
### The error may exist in file [E:\Workspaces\gogirl_user\target\classes\mapper\CustomerMapper.xml]
### The error may involve com.gogirl.gogirl_user.dao.CustomerMapper.selectByOpenid
### The error occurred while executing a query
### Cause: org.springframework.jdbc.CannotGetJdbcConnectionException: Failed to obtain JDBC Connection; nested exception is java.sql.SQLTransientConnectionException: HikariPool-1 - Connection is not available, request timed out after 30058ms.] with root cause
com.mysql.jdbc.exceptions.jdbc4.MySQLNonTransientConnectionException: No operations allowed after connection closed.
	at sun.reflect.GeneratedConstructorAccessor67.newInstance(Unknown Source)
	at sun.reflect.DelegatingConstructorAccessorImpl.newInstance(DelegatingConstructorAccessorImpl.java:45)
	at java.lang.reflect.Constructor.newInstance(Constructor.java:423)
	at com.mysql.jdbc.Util.handleNewInstance(Util.java:425)
	at com.mysql.jdbc.Util.getInstance(Util.java:408)
	at com.mysql.jdbc.SQLError.createSQLException(SQLError.java:919)
	at com.mysql.jdbc.SQLError.createSQLException(SQLError.java:898)
	at com.mysql.jdbc.SQLError.createSQLException(SQLError.java:887)
	at com.mysql.jdbc.SQLError.createSQLException(SQLError.java:861)
	at com.mysql.jdbc.ConnectionImpl.throwConnectionClosedException(ConnectionImpl.java:1184)
	at com.mysql.jdbc.ConnectionImpl.checkClosed(ConnectionImpl.java:1179)
	at com.mysql.jdbc.ConnectionImpl.setNetworkTimeout(ConnectionImpl.java:5483)
	at com.zaxxer.hikari.pool.PoolBase.setNetworkTimeout(PoolBase.java:541)
	at com.zaxxer.hikari.pool.PoolBase.isConnectionAlive(PoolBase.java:162)
	at com.zaxxer.hikari.pool.HikariPool.getConnection(HikariPool.java:172)
	at com.zaxxer.hikari.pool.HikariPool.getConnection(HikariPool.java:148)
	at com.zaxxer.hikari.HikariDataSource.getConnection(HikariDataSource.java:128)
	at org.springframework.jdbc.datasource.DataSourceUtils.fetchConnection(DataSourceUtils.java:151)
	at org.springframework.jdbc.datasource.DataSourceUtils.doGetConnection(DataSourceUtils.java:115)
	at org.springframework.jdbc.datasource.DataSourceUtils.getConnection(DataSourceUtils.java:78)
	at org.mybatis.spring.transaction.SpringManagedTransaction.openConnection(SpringManagedTransaction.java:82)
	at org.mybatis.spring.transaction.SpringManagedTransaction.getConnection(SpringManagedTransaction.java:68)
	at org.apache.ibatis.executor.BaseExecutor.getConnection(BaseExecutor.java:336)
	at org.apache.ibatis.executor.SimpleExecutor.prepareStatement(SimpleExecutor.java:84)
	at org.apache.ibatis.executor.SimpleExecutor.doQuery(SimpleExecutor.java:62)
	at org.apache.ibatis.executor.BaseExecutor.queryFromDatabase(BaseExecutor.java:324)
	at org.apache.ibatis.executor.BaseExecutor.query(BaseExecutor.java:156)
	at org.apache.ibatis.executor.CachingExecutor.query(CachingExecutor.java:109)
	at com.github.pagehelper.PageInterceptor.intercept(PageInterceptor.java:143)
	at org.apache.ibatis.plugin.Plugin.invoke(Plugin.java:61)
	at com.sun.proxy.$Proxy97.query(Unknown Source)
	at org.apache.ibatis.session.defaults.DefaultSqlSession.selectList(DefaultSqlSession.java:148)
	at org.apache.ibatis.session.defaults.DefaultSqlSession.selectList(DefaultSqlSession.java:141)
	at org.apache.ibatis.session.defaults.DefaultSqlSession.selectOne(DefaultSqlSession.java:77)
	at sun.reflect.GeneratedMethodAccessor65.invoke(Unknown Source)
	at sun.reflect.DelegatingMethodAccessorImpl.invoke(DelegatingMethodAccessorImpl.java:43)
	at java.lang.reflect.Method.invoke(Method.java:498)
	at org.mybatis.spring.SqlSessionTemplate$SqlSessionInterceptor.invoke(SqlSessionTemplate.java:433)
	at com.sun.proxy.$Proxy65.selectOne(Unknown Source)
	at org.mybatis.spring.SqlSessionTemplate.selectOne(SqlSessionTemplate.java:166)
	at org.apache.ibatis.binding.MapperMethod.execute(MapperMethod.java:82)
	at org.apache.ibatis.binding.MapperProxy.invoke(MapperProxy.java:59)
	at com.sun.proxy.$Proxy66.selectByOpenid(Unknown Source)
	at com.gogirl.gogirl_user.service.CustomerService.selectByOpenid(CustomerService.java:193)
	at com.gogirl.gogirl_user.controller.CustomerCotroller.getCustomerByOpenid(CustomerCotroller.java:367)
	at sun.reflect.NativeMethodAccessorImpl.invoke0(Native Method)
	at sun.reflect.NativeMethodAccessorImpl.invoke(NativeMethodAccessorImpl.java:62)
	at sun.reflect.DelegatingMethodAccessorImpl.invoke(DelegatingMethodAccessorImpl.java:43)
	at java.lang.reflect.Method.invoke(Method.java:498)
	at org.springframework.web.method.support.InvocableHandlerMethod.doInvoke(InvocableHandlerMethod.java:209)
	at org.springframework.web.method.support.InvocableHandlerMethod.invokeForRequest(InvocableHandlerMethod.java:136)
	at org.springframework.web.servlet.mvc.method.annotation.ServletInvocableHandlerMethod.invokeAndHandle(ServletInvocableHandlerMethod.java:102)
	at org.springframework.web.servlet.mvc.method.annotation.RequestMappingHandlerAdapter.invokeHandlerMethod(RequestMappingHandlerAdapter.java:877)
	at org.springframework.web.servlet.mvc.method.annotation.RequestMappingHandlerAdapter.handleInternal(RequestMappingHandlerAdapter.java:783)
	at org.springframework.web.servlet.mvc.method.AbstractHandlerMethodAdapter.handle(AbstractHandlerMethodAdapter.java:87)
	at org.springframework.web.servlet.DispatcherServlet.doDispatch(DispatcherServlet.java:991)
	at org.springframework.web.servlet.DispatcherServlet.doService(DispatcherServlet.java:925)
	at org.springframework.web.servlet.FrameworkServlet.processRequest(FrameworkServlet.java:974)
	at org.springframework.web.servlet.FrameworkServlet.doPost(FrameworkServlet.java:877)
	at javax.servlet.http.HttpServlet.service(HttpServlet.java:661)
	at org.springframework.web.servlet.FrameworkServlet.service(FrameworkServlet.java:851)
	at javax.servlet.http.HttpServlet.service(HttpServlet.java:742)
	at org.apache.catalina.core.ApplicationFilterChain.internalDoFilter(ApplicationFilterChain.java:231)
	at org.apache.catalina.core.ApplicationFilterChain.doFilter(ApplicationFilterChain.java:166)
	at org.apache.tomcat.websocket.server.WsFilter.doFilter(WsFilter.java:52)
	at org.apache.catalina.core.ApplicationFilterChain.internalDoFilter(ApplicationFilterChain.java:193)
	at org.apache.catalina.core.ApplicationFilterChain.doFilter(ApplicationFilterChain.java:166)
	at org.springframework.web.filter.RequestContextFilter.doFilterInternal(RequestContextFilter.java:99)
	at org.springframework.web.filter.OncePerRequestFilter.doFilter(OncePerRequestFilter.java:107)
	at org.apache.catalina.core.ApplicationFilterChain.internalDoFilter(ApplicationFilterChain.java:193)
	at org.apache.catalina.core.ApplicationFilterChain.doFilter(ApplicationFilterChain.java:166)
	at org.springframework.web.filter.HttpPutFormContentFilter.doFilterInternal(HttpPutFormContentFilter.java:109)
	at org.springframework.web.filter.OncePerRequestFilter.doFilter(OncePerRequestFilter.java:107)
	at org.apache.catalina.core.ApplicationFilterChain.internalDoFilter(ApplicationFilterChain.java:193)
	at org.apache.catalina.core.ApplicationFilterChain.doFilter(ApplicationFilterChain.java:166)
	at org.springframework.web.filter.HiddenHttpMethodFilter.doFilterInternal(HiddenHttpMethodFilter.java:93)
	at org.springframework.web.filter.OncePerRequestFilter.doFilter(OncePerRequestFilter.java:107)
	at org.apache.catalina.core.ApplicationFilterChain.internalDoFilter(ApplicationFilterChain.java:193)
	at org.apache.catalina.core.ApplicationFilterChain.doFilter(ApplicationFilterChain.java:166)
	at org.springframework.web.filter.CharacterEncodingFilter.doFilterInternal(CharacterEncodingFilter.java:200)
	at org.springframework.web.filter.OncePerRequestFilter.doFilter(OncePerRequestFilter.java:107)
	at org.apache.catalina.core.ApplicationFilterChain.internalDoFilter(ApplicationFilterChain.java:193)
	at org.apache.catalina.core.ApplicationFilterChain.doFilter(ApplicationFilterChain.java:166)
	at org.apache.catalina.core.StandardWrapperValve.invoke(StandardWrapperValve.java:198)
	at org.apache.catalina.core.StandardContextValve.invoke(StandardContextValve.java:96)
	at org.apache.catalina.authenticator.AuthenticatorBase.invoke(AuthenticatorBase.java:496)
	at org.apache.catalina.core.StandardHostValve.invoke(StandardHostValve.java:140)
	at org.apache.catalina.valves.ErrorReportValve.invoke(ErrorReportValve.java:81)
	at org.apache.catalina.core.StandardEngineValve.invoke(StandardEngineValve.java:87)
	at org.apache.catalina.connector.CoyoteAdapter.service(CoyoteAdapter.java:342)
	at org.apache.coyote.http11.Http11Processor.service(Http11Processor.java:803)
	at org.apache.coyote.AbstractProcessorLight.process(AbstractProcessorLight.java:66)
	at org.apache.coyote.AbstractProtocol$ConnectionHandler.process(AbstractProtocol.java:790)
	at org.apache.tomcat.util.net.NioEndpoint$SocketProcessor.doRun(NioEndpoint.java:1468)
	at org.apache.tomcat.util.net.SocketProcessorBase.run(SocketProcessorBase.java:49)
	at java.util.concurrent.ThreadPoolExecutor.runWorker(ThreadPoolExecutor.java:1149)
	at java.util.concurrent.ThreadPoolExecutor$Worker.run(ThreadPoolExecutor.java:624)
	at org.apache.tomcat.util.threads.TaskThread$WrappingRunnable.run(TaskThread.java:61)
	at java.lang.Thread.run(Thread.java:748)
2019-07-05 12:00:00,036 INFO (CouponService.java:177)- 每天定时任务,查看优惠券是否即将过期,发起消息模板提醒
2019-07-05 12:00:05,221 WARN (PoolBase.java:173)- HikariPool-1 - Failed to validate connection com.mysql.jdbc.JDBC4Connection@2cae0380 (No operations allowed after connection closed.)
2019-07-05 12:00:10,229 WARN (PoolBase.java:173)- HikariPool-1 - Failed to validate connection com.mysql.jdbc.JDBC4Connection@1d3c0d77 (No operations allowed after connection closed.)
2019-07-05 12:00:15,235 WARN (PoolBase.java:173)- HikariPool-1 - Failed to validate connection com.mysql.jdbc.JDBC4Connection@564ce11 (No operations allowed after connection closed.)
2019-07-05 12:00:20,238 WARN (PoolBase.java:173)- HikariPool-1 - Failed to validate connection com.mysql.jdbc.JDBC4Connection@68fc7ff7 (No operations allowed after connection closed.)
2019-07-05 12:00:25,243 WARN (PoolBase.java:173)- HikariPool-1 - Failed to validate connection com.mysql.jdbc.JDBC4Connection@1556902a (No operations allowed after connection closed.)
2019-07-05 12:00:30,250 WARN (PoolBase.java:173)- HikariPool-1 - Failed to validate connection com.mysql.jdbc.JDBC4Connection@3c18baaa (No operations allowed after connection closed.)
