2019-07-30 03:00:00,104 INFO (CouponService.java:190)- 每天定时任务,判断优惠券是否过期
2019-07-30 03:00:00,545 DEBUG (BaseJdbcLogger.java:159)- ==>  Preparing: update coupon_customer_relevance set state = 3 where state = 1 and ? > valid_end_time 
2019-07-30 03:00:00,614 DEBUG (BaseJdbcLogger.java:159)- ==> Parameters: 2019-07-30 03:00:00.297(Timestamp)
2019-07-30 03:00:00,650 DEBUG (BaseJdbcLogger.java:159)- <==    Updates: 0
2019-07-30 09:36:58,328 INFO (DirectJDKLog.java:180)- Initializing ProtocolHandler ["http-nio-8089"]
2019-07-30 09:36:58,359 INFO (DirectJDKLog.java:180)- Starting service [Tomcat]
2019-07-30 09:36:58,360 INFO (DirectJDKLog.java:180)- Starting Servlet Engine: Apache Tomcat/8.5.31
2019-07-30 09:36:58,375 INFO (DirectJDKLog.java:180)- The APR based Apache Tomcat Native library which allows optimal performance in production environments was not found on the java.library.path: [D:\Java\jdk1.8.0_161\bin;C:\WINDOWS\Sun\Java\bin;C:\WINDOWS\system32;C:\WINDOWS;C:/Program Files/Java/jre1.8.0_181/bin/server;C:/Program Files/Java/jre1.8.0_181/bin;C:/Program Files/Java/jre1.8.0_181/lib/amd64;C:\Program Files (x86)\Common Files\Oracle\Java\javapath;D:\Python3\;D:\Python3\Scripts;C:\ProgramData\Boxstarter;C:\ProgramData\Oracle\Java\javapath;C:\Program Files (x86)\Intel\iCLS Client\;C:\Program Files\Intel\iCLS Client\;C:\Windows\system32;C:\Windows;C:\Windows\System32\Wbem;C:\Windows\System32\WindowsPowerShell\v1.0\;C:\Program Files (x86)\NVIDIA Corporation\PhysX\Common;C:\Program Files (x86)\Intel\Intel(R) Management Engine Components\DAL;C:\Program Files\Intel\Intel(R) Management Engine Components\DAL;C:\Program Files (x86)\Intel\Intel(R) Management Engine Components\IPT;C:\Program Files\Intel\Intel(R) Management Engine Components\IPT;D:\Java\jdk1.8.0_161\bin;D:\Java\jdk1.8.0_161\jre\bin;D:\Java\apache-maven-3.5.3\bin;C:\WINDOWS\system32;C:\WINDOWS;C:\WINDOWS\System32\Wbem;C:\WINDOWS\System32\WindowsPowerShell\v1.0\;C:\WINDOWS\System32\OpenSSH\;C:\ProgramData\chocolatey\bin;C:\Program Files\nodejs\node_global\;C:\Program Files (x86)\HP\Unified Functional Testing\bin;C:\Program Files\nodejs\;C:\Users\bailun\AppData\Local\Microsoft\WindowsApps;C:\Users\bailun\AppData\Roaming\npm;D:\workapp\eclipse;;.]
2019-07-30 09:36:58,601 INFO (DirectJDKLog.java:180)- Initializing Spring embedded WebApplicationContext
2019-07-30 09:37:00,489 INFO (DirectJDKLog.java:180)- Stopping service [Tomcat]
2019-07-30 09:39:24,805 INFO (DirectJDKLog.java:180)- Initializing ProtocolHandler ["http-nio-8089"]
2019-07-30 09:39:24,838 INFO (DirectJDKLog.java:180)- Starting service [Tomcat]
2019-07-30 09:39:24,838 INFO (DirectJDKLog.java:180)- Starting Servlet Engine: Apache Tomcat/8.5.31
2019-07-30 09:39:24,865 INFO (DirectJDKLog.java:180)- The APR based Apache Tomcat Native library which allows optimal performance in production environments was not found on the java.library.path: [D:\Java\jdk1.8.0_161\bin;C:\WINDOWS\Sun\Java\bin;C:\WINDOWS\system32;C:\WINDOWS;C:/Program Files/Java/jre1.8.0_181/bin/server;C:/Program Files/Java/jre1.8.0_181/bin;C:/Program Files/Java/jre1.8.0_181/lib/amd64;C:\Program Files (x86)\Common Files\Oracle\Java\javapath;D:\Python3\;D:\Python3\Scripts;C:\ProgramData\Boxstarter;C:\ProgramData\Oracle\Java\javapath;C:\Program Files (x86)\Intel\iCLS Client\;C:\Program Files\Intel\iCLS Client\;C:\Windows\system32;C:\Windows;C:\Windows\System32\Wbem;C:\Windows\System32\WindowsPowerShell\v1.0\;C:\Program Files (x86)\NVIDIA Corporation\PhysX\Common;C:\Program Files (x86)\Intel\Intel(R) Management Engine Components\DAL;C:\Program Files\Intel\Intel(R) Management Engine Components\DAL;C:\Program Files (x86)\Intel\Intel(R) Management Engine Components\IPT;C:\Program Files\Intel\Intel(R) Management Engine Components\IPT;D:\Java\jdk1.8.0_161\bin;D:\Java\jdk1.8.0_161\jre\bin;D:\Java\apache-maven-3.5.3\bin;C:\WINDOWS\system32;C:\WINDOWS;C:\WINDOWS\System32\Wbem;C:\WINDOWS\System32\WindowsPowerShell\v1.0\;C:\WINDOWS\System32\OpenSSH\;C:\ProgramData\chocolatey\bin;C:\Program Files\nodejs\node_global\;C:\Program Files (x86)\HP\Unified Functional Testing\bin;C:\Program Files\nodejs\;C:\Users\bailun\AppData\Local\Microsoft\WindowsApps;C:\Users\bailun\AppData\Roaming\npm;D:\workapp\eclipse;;.]
2019-07-30 09:39:25,116 INFO (DirectJDKLog.java:180)- Initializing Spring embedded WebApplicationContext
2019-07-30 09:39:26,850 INFO (DirectJDKLog.java:180)- Stopping service [Tomcat]
2019-07-30 09:42:09,902 INFO (DirectJDKLog.java:180)- Initializing ProtocolHandler ["http-nio-8089"]
2019-07-30 09:42:10,139 INFO (DirectJDKLog.java:180)- Starting service [Tomcat]
2019-07-30 09:42:10,139 INFO (DirectJDKLog.java:180)- Starting Servlet Engine: Apache Tomcat/8.5.31
2019-07-30 09:42:10,270 INFO (DirectJDKLog.java:180)- The APR based Apache Tomcat Native library which allows optimal performance in production environments was not found on the java.library.path: [D:\Java\jdk1.8.0_161\bin;C:\WINDOWS\Sun\Java\bin;C:\WINDOWS\system32;C:\WINDOWS;C:/Program Files/Java/jre1.8.0_181/bin/server;C:/Program Files/Java/jre1.8.0_181/bin;C:/Program Files/Java/jre1.8.0_181/lib/amd64;C:\Program Files (x86)\Common Files\Oracle\Java\javapath;D:\Python3\;D:\Python3\Scripts;C:\ProgramData\Boxstarter;C:\ProgramData\Oracle\Java\javapath;C:\Program Files (x86)\Intel\iCLS Client\;C:\Program Files\Intel\iCLS Client\;C:\Windows\system32;C:\Windows;C:\Windows\System32\Wbem;C:\Windows\System32\WindowsPowerShell\v1.0\;C:\Program Files (x86)\NVIDIA Corporation\PhysX\Common;C:\Program Files (x86)\Intel\Intel(R) Management Engine Components\DAL;C:\Program Files\Intel\Intel(R) Management Engine Components\DAL;C:\Program Files (x86)\Intel\Intel(R) Management Engine Components\IPT;C:\Program Files\Intel\Intel(R) Management Engine Components\IPT;D:\Java\jdk1.8.0_161\bin;D:\Java\jdk1.8.0_161\jre\bin;D:\Java\apache-maven-3.5.3\bin;C:\WINDOWS\system32;C:\WINDOWS;C:\WINDOWS\System32\Wbem;C:\WINDOWS\System32\WindowsPowerShell\v1.0\;C:\WINDOWS\System32\OpenSSH\;C:\ProgramData\chocolatey\bin;C:\Program Files\nodejs\node_global\;C:\Program Files (x86)\HP\Unified Functional Testing\bin;C:\Program Files\nodejs\;C:\Users\bailun\AppData\Local\Microsoft\WindowsApps;C:\Users\bailun\AppData\Roaming\npm;D:\workapp\eclipse;;.]
2019-07-30 09:42:10,921 INFO (DirectJDKLog.java:180)- Initializing Spring embedded WebApplicationContext
2019-07-30 09:42:18,172 INFO (DirectJDKLog.java:180)- Stopping service [Tomcat]
2019-07-30 09:44:02,441 INFO (DirectJDKLog.java:180)- Initializing ProtocolHandler ["http-nio-8089"]
2019-07-30 09:44:02,467 INFO (DirectJDKLog.java:180)- Starting service [Tomcat]
2019-07-30 09:44:02,467 INFO (DirectJDKLog.java:180)- Starting Servlet Engine: Apache Tomcat/8.5.31
2019-07-30 09:44:02,483 INFO (DirectJDKLog.java:180)- The APR based Apache Tomcat Native library which allows optimal performance in production environments was not found on the java.library.path: [D:\Java\jdk1.8.0_161\bin;C:\WINDOWS\Sun\Java\bin;C:\WINDOWS\system32;C:\WINDOWS;C:/Program Files/Java/jre1.8.0_181/bin/server;C:/Program Files/Java/jre1.8.0_181/bin;C:/Program Files/Java/jre1.8.0_181/lib/amd64;C:\Program Files (x86)\Common Files\Oracle\Java\javapath;D:\Python3\;D:\Python3\Scripts;C:\ProgramData\Boxstarter;C:\ProgramData\Oracle\Java\javapath;C:\Program Files (x86)\Intel\iCLS Client\;C:\Program Files\Intel\iCLS Client\;C:\Windows\system32;C:\Windows;C:\Windows\System32\Wbem;C:\Windows\System32\WindowsPowerShell\v1.0\;C:\Program Files (x86)\NVIDIA Corporation\PhysX\Common;C:\Program Files (x86)\Intel\Intel(R) Management Engine Components\DAL;C:\Program Files\Intel\Intel(R) Management Engine Components\DAL;C:\Program Files (x86)\Intel\Intel(R) Management Engine Components\IPT;C:\Program Files\Intel\Intel(R) Management Engine Components\IPT;D:\Java\jdk1.8.0_161\bin;D:\Java\jdk1.8.0_161\jre\bin;D:\Java\apache-maven-3.5.3\bin;C:\WINDOWS\system32;C:\WINDOWS;C:\WINDOWS\System32\Wbem;C:\WINDOWS\System32\WindowsPowerShell\v1.0\;C:\WINDOWS\System32\OpenSSH\;C:\ProgramData\chocolatey\bin;C:\Program Files\nodejs\node_global\;C:\Program Files (x86)\HP\Unified Functional Testing\bin;C:\Program Files\nodejs\;C:\Users\bailun\AppData\Local\Microsoft\WindowsApps;C:\Users\bailun\AppData\Roaming\npm;D:\workapp\eclipse;;.]
2019-07-30 09:44:02,737 INFO (DirectJDKLog.java:180)- Initializing Spring embedded WebApplicationContext
2019-07-30 09:44:04,041 INFO (DirectJDKLog.java:180)- Stopping service [Tomcat]
2019-07-30 09:45:14,571 INFO (DirectJDKLog.java:180)- Initializing ProtocolHandler ["http-nio-8089"]
2019-07-30 09:45:14,607 INFO (DirectJDKLog.java:180)- Starting service [Tomcat]
2019-07-30 09:45:14,609 INFO (DirectJDKLog.java:180)- Starting Servlet Engine: Apache Tomcat/8.5.31
2019-07-30 09:45:14,629 INFO (DirectJDKLog.java:180)- The APR based Apache Tomcat Native library which allows optimal performance in production environments was not found on the java.library.path: [D:\Java\jdk1.8.0_161\bin;C:\WINDOWS\Sun\Java\bin;C:\WINDOWS\system32;C:\WINDOWS;C:/Program Files/Java/jre1.8.0_181/bin/server;C:/Program Files/Java/jre1.8.0_181/bin;C:/Program Files/Java/jre1.8.0_181/lib/amd64;C:\Program Files (x86)\Common Files\Oracle\Java\javapath;D:\Python3\;D:\Python3\Scripts;C:\ProgramData\Boxstarter;C:\ProgramData\Oracle\Java\javapath;C:\Program Files (x86)\Intel\iCLS Client\;C:\Program Files\Intel\iCLS Client\;C:\Windows\system32;C:\Windows;C:\Windows\System32\Wbem;C:\Windows\System32\WindowsPowerShell\v1.0\;C:\Program Files (x86)\NVIDIA Corporation\PhysX\Common;C:\Program Files (x86)\Intel\Intel(R) Management Engine Components\DAL;C:\Program Files\Intel\Intel(R) Management Engine Components\DAL;C:\Program Files (x86)\Intel\Intel(R) Management Engine Components\IPT;C:\Program Files\Intel\Intel(R) Management Engine Components\IPT;D:\Java\jdk1.8.0_161\bin;D:\Java\jdk1.8.0_161\jre\bin;D:\Java\apache-maven-3.5.3\bin;C:\WINDOWS\system32;C:\WINDOWS;C:\WINDOWS\System32\Wbem;C:\WINDOWS\System32\WindowsPowerShell\v1.0\;C:\WINDOWS\System32\OpenSSH\;C:\ProgramData\chocolatey\bin;C:\Program Files\nodejs\node_global\;C:\Program Files (x86)\HP\Unified Functional Testing\bin;C:\Program Files\nodejs\;C:\Users\bailun\AppData\Local\Microsoft\WindowsApps;C:\Users\bailun\AppData\Roaming\npm;D:\workapp\eclipse;;.]
2019-07-30 09:45:14,857 INFO (DirectJDKLog.java:180)- Initializing Spring embedded WebApplicationContext
2019-07-30 09:45:16,537 WARN (HikariConfig.java:1081)- HikariPool-1 - idleTimeout is close to or more than maxLifetime, disabling it.
2019-07-30 09:45:16,542 INFO (HikariDataSource.java:110)- HikariPool-1 - Starting...
2019-07-30 09:45:17,067 INFO (HikariDataSource.java:123)- HikariPool-1 - Start completed.
2019-07-30 09:45:17,079 DEBUG (BaseJdbcLogger.java:159)- ==>  Preparing: select id, type, name, value, remark from gogirl_config where type = ? 
2019-07-30 09:45:17,127 DEBUG (BaseJdbcLogger.java:159)- ==> Parameters: gogirl_user(String)
2019-07-30 09:45:17,161 DEBUG (BaseJdbcLogger.java:159)- <==      Total: 2
2019-07-30 09:45:17,165 INFO (GogirlProperties.java:58)- 成功加载gogirl_config表配置:[GogirlConfig [id=41, type=gogirl_user, name=order_url, value=http://127.0.0.1:8084/, remark=user转发到order], GogirlConfig [id=42, type=gogirl_user, name=mp_url, value=http://127.0.0.1:8088/, remark=user转发到mp]]
2019-07-30 09:45:19,629 INFO (DirectJDKLog.java:180)- Starting ProtocolHandler ["http-nio-8089"]
2019-07-30 09:45:19,646 INFO (DirectJDKLog.java:180)- Using a shared selector for servlet write/read
