2019-07-15 17:19:41,851 INFO (DirectJDKLog.java:180)- Initializing ProtocolHandler ["http-nio-8089"]
2019-07-15 17:19:41,904 INFO (DirectJDKLog.java:180)- Starting service [Tomcat]
2019-07-15 17:19:41,905 INFO (DirectJDKLog.java:180)- Starting Servlet Engine: Apache Tomcat/8.5.31
2019-07-15 17:19:42,046 INFO (DirectJDKLog.java:180)- The APR based Apache Tomcat Native library which allows optimal performance in production environments was not found on the java.library.path: [D:\Java\jdk1.8.0_161\bin;C:\WINDOWS\Sun\Java\bin;C:\WINDOWS\system32;C:\WINDOWS;C:/Program Files/Java/jre1.8.0_181/bin/server;C:/Program Files/Java/jre1.8.0_181/bin;C:/Program Files/Java/jre1.8.0_181/lib/amd64;C:\Program Files (x86)\Common Files\Oracle\Java\javapath;D:\Python3\;D:\Python3\Scripts;C:\ProgramData\Boxstarter;C:\ProgramData\Oracle\Java\javapath;C:\Program Files (x86)\Intel\iCLS Client\;C:\Program Files\Intel\iCLS Client\;C:\Windows\system32;C:\Windows;C:\Windows\System32\Wbem;C:\Windows\System32\WindowsPowerShell\v1.0\;C:\Program Files (x86)\NVIDIA Corporation\PhysX\Common;C:\Program Files (x86)\Intel\Intel(R) Management Engine Components\DAL;C:\Program Files\Intel\Intel(R) Management Engine Components\DAL;C:\Program Files (x86)\Intel\Intel(R) Management Engine Components\IPT;C:\Program Files\Intel\Intel(R) Management Engine Components\IPT;D:\Java\jdk1.8.0_161\bin;D:\Java\jdk1.8.0_161\jre\bin;D:\Java\apache-maven-3.5.3\bin;C:\WINDOWS\system32;C:\WINDOWS;C:\WINDOWS\System32\Wbem;C:\WINDOWS\System32\WindowsPowerShell\v1.0\;C:\WINDOWS\System32\OpenSSH\;C:\ProgramData\chocolatey\bin;C:\Program Files\nodejs\node_global\;C:\Program Files (x86)\HP\Unified Functional Testing\bin;C:\Program Files\nodejs\;C:\Users\bailun\AppData\Local\Microsoft\WindowsApps;C:\Users\bailun\AppData\Roaming\npm;D:\workapp\eclipse;;.]
2019-07-15 17:19:42,346 INFO (DirectJDKLog.java:180)- Initializing Spring embedded WebApplicationContext
2019-07-15 17:19:49,739 INFO (DirectJDKLog.java:180)- Starting ProtocolHandler ["http-nio-8089"]
2019-07-15 17:19:49,789 INFO (DirectJDKLog.java:180)- Using a shared selector for servlet write/read
2019-07-15 17:21:46,401 INFO (DirectJDKLog.java:180)- Initializing Spring FrameworkServlet 'dispatcherServlet'
2019-07-15 17:21:46,714 INFO (CustomerCotroller.java:367)- 获取用户信息openid:o7112v-gTwp2OnTun_iBfiRz9_do
2019-07-15 17:21:46,780 INFO (HikariDataSource.java:110)- HikariPool-1 - Starting...
2019-07-15 17:21:47,400 INFO (HikariDataSource.java:123)- HikariPool-1 - Start completed.
2019-07-15 17:21:47,409 DEBUG (BaseJdbcLogger.java:159)- ==>  Preparing: select id, openid, phone, nickname, password, sex, country, province, city, headimgurl,customer_source, privilege, state, register_time, update_time, real_name, birthday, register_department, source, scheduled_times,order_times, store_record_real_name, remark,remark2,remark3,remark4,responsible_person,data_integrity from customer where openid = ? 
2019-07-15 17:21:47,445 DEBUG (BaseJdbcLogger.java:159)- ==> Parameters: o7112v-gTwp2OnTun_iBfiRz9_do(String)
2019-07-15 17:21:47,474 DEBUG (BaseJdbcLogger.java:159)- <==      Total: 0
2019-07-15 17:51:47,396 DEBUG (BaseJdbcLogger.java:159)- ==>  Preparing: insert into customer (id, openid, phone, nickname, password, sex, country, province, city, headimgurl, privilege, state, register_time, update_time, real_name, birthday, register_department, source, scheduled_times,order_times, store_record_real_name, remark,remark2,remark3,remark4) values (?, ?, ?, ?, ?, ?, ?, ?, ?, ?, ?, ?, ?, ?, ?, ?, ?, ?, ?,?,?, ?,?,?,?) 
2019-07-15 17:51:47,400 DEBUG (BaseJdbcLogger.java:159)- ==> Parameters: null, o7112v-gTwp2OnTun_iBfiRz9_do(String), null, 辉.(String), null, 男(String), 中国(String), 广东(String), 湛江(String), http://thirdwx.qlogo.cn/mmopen/vi_32/cRC2CDbeMPIXJ7ZT5huA6xfzYlj5BQ3DRX8CYLwHaob5VAwyhjl4sS8kqTMIVjK079NknOPR1L6xsSNcXwG9wA/132(String), [](String), 1(String), 2019-07-15 17:51:47.386(Timestamp), 2019-07-15 17:51:47.386(Timestamp), null, null, null, 3(Integer), 0(Integer), 0(Integer), null, null, null, null, null
2019-07-15 17:51:47,424 DEBUG (BaseJdbcLogger.java:159)- <==    Updates: 1
2019-07-15 17:51:47,426 DEBUG (BaseJdbcLogger.java:159)- ==>  Preparing: SELECT @@IDENTITY AS id 
2019-07-15 17:51:47,426 DEBUG (BaseJdbcLogger.java:159)- ==> Parameters: 
2019-07-15 17:51:47,438 DEBUG (BaseJdbcLogger.java:159)- <==      Total: 1
2019-07-15 17:52:24,623 INFO (CustomerCotroller.java:367)- 获取用户信息openid:o7112v-gTwp2OnTun_iBfiRz9_do
2019-07-15 17:52:24,632 DEBUG (BaseJdbcLogger.java:159)- ==>  Preparing: select id, openid, phone, nickname, password, sex, country, province, city, headimgurl,customer_source, privilege, state, register_time, update_time, real_name, birthday, register_department, source, scheduled_times,order_times, store_record_real_name, remark,remark2,remark3,remark4,responsible_person,data_integrity from customer where openid = ? 
2019-07-15 17:52:24,632 DEBUG (BaseJdbcLogger.java:159)- ==> Parameters: o7112v-gTwp2OnTun_iBfiRz9_do(String)
2019-07-15 17:52:24,646 DEBUG (BaseJdbcLogger.java:159)- <==      Total: 1
