2019-07-25 03:00:00,088 INFO (CouponService.java:190)- 每天定时任务,判断优惠券是否过期
2019-07-25 03:00:01,235 DEBUG (BaseJdbcLogger.java:159)- ==>  Preparing: update coupon_customer_relevance set state = 3 where state = 1 and ? > valid_end_time 
2019-07-25 03:00:01,427 DEBUG (BaseJdbcLogger.java:159)- ==> Parameters: 2019-07-25 03:00:00.778(Timestamp)
2019-07-25 03:00:01,482 DEBUG (BaseJdbcLogger.java:159)- <==    Updates: 0
2019-07-25 09:36:28,690 INFO (CustomerCotroller.java:366)- 获取用户信息openid:o7112v0qdTRxqTk7ABNIhAjYSEEU
2019-07-25 09:36:28,741 DEBUG (BaseJdbcLogger.java:159)- ==>  Preparing: select id, openid, phone, nickname, password, sex, country, province, city, headimgurl,customer_source, privilege, state, register_time, update_time, real_name, birthday, register_department, source, scheduled_times,order_times, store_record_real_name, remark,remark2,remark3,remark4,responsible_person,data_integrity from customer where openid = ? 
2019-07-25 09:36:28,756 DEBUG (BaseJdbcLogger.java:159)- ==> Parameters: o7112v0qdTRxqTk7ABNIhAjYSEEU(String)
2019-07-25 09:36:28,811 DEBUG (BaseJdbcLogger.java:159)- <==      Total: 1
2019-07-25 09:36:53,615 INFO (CustomerCotroller.java:344)- 获取用户信息id:1806
2019-07-25 09:36:53,625 DEBUG (BaseJdbcLogger.java:159)- ==>  Preparing: select c.id, c.openid, c.phone, c. nickname, c. password, c. sex, c. country, c. province, c. city, c. headimgurl,c.customer_source, c. privilege, c. state, c. register_time, c. update_time, c. real_name, c. birthday, c. register_department, c. source, c. scheduled_times, c.order_times, c. store_record_real_name, c. remark, c.remark2, c.remark3, c.remark4,responsible_person,data_integrity, w.customer_id as wcustomer_id,w.id as wid, w.screen_name, w.name as wname, w.province as wprovince, w.city as wcity, w.location, w.description, w.url, w.profileImage_url, w.user_domain, w.gender, w.followers_count, w.friends_count, w.statuses_count, w.favourites_count, w.created_at, w.following, w.verified, w.verified_type, w.allow_all_act_asg, w.allow_all_comment, w.follow_me, w.avatar_large, w.online_status, w.bi_followers_count, w.remark, w.lang, w.verified_reason, w.weihao, w.status_id from customer c left join customer_weibo w on c.id=w.customer_id where c.id = ? 
2019-07-25 09:36:53,626 DEBUG (BaseJdbcLogger.java:159)- ==> Parameters: 1806(Integer)
2019-07-25 09:36:53,641 DEBUG (BaseJdbcLogger.java:159)- <==      Total: 1
2019-07-25 09:36:53,788 INFO (CustomerCotroller.java:344)- 获取用户信息id:1806
2019-07-25 09:36:53,789 DEBUG (BaseJdbcLogger.java:159)- ==>  Preparing: select c.id, c.openid, c.phone, c. nickname, c. password, c. sex, c. country, c. province, c. city, c. headimgurl,c.customer_source, c. privilege, c. state, c. register_time, c. update_time, c. real_name, c. birthday, c. register_department, c. source, c. scheduled_times, c.order_times, c. store_record_real_name, c. remark, c.remark2, c.remark3, c.remark4,responsible_person,data_integrity, w.customer_id as wcustomer_id,w.id as wid, w.screen_name, w.name as wname, w.province as wprovince, w.city as wcity, w.location, w.description, w.url, w.profileImage_url, w.user_domain, w.gender, w.followers_count, w.friends_count, w.statuses_count, w.favourites_count, w.created_at, w.following, w.verified, w.verified_type, w.allow_all_act_asg, w.allow_all_comment, w.follow_me, w.avatar_large, w.online_status, w.bi_followers_count, w.remark, w.lang, w.verified_reason, w.weihao, w.status_id from customer c left join customer_weibo w on c.id=w.customer_id where c.id = ? 
2019-07-25 09:36:53,789 DEBUG (BaseJdbcLogger.java:159)- ==> Parameters: 1806(Integer)
2019-07-25 09:36:53,808 DEBUG (BaseJdbcLogger.java:159)- <==      Total: 1
2019-07-25 09:38:43,865 INFO (CustomerCotroller.java:344)- 获取用户信息id:1806
2019-07-25 09:38:43,878 DEBUG (BaseJdbcLogger.java:159)- ==>  Preparing: select c.id, c.openid, c.phone, c. nickname, c. password, c. sex, c. country, c. province, c. city, c. headimgurl,c.customer_source, c. privilege, c. state, c. register_time, c. update_time, c. real_name, c. birthday, c. register_department, c. source, c. scheduled_times, c.order_times, c. store_record_real_name, c. remark, c.remark2, c.remark3, c.remark4,responsible_person,data_integrity, w.customer_id as wcustomer_id,w.id as wid, w.screen_name, w.name as wname, w.province as wprovince, w.city as wcity, w.location, w.description, w.url, w.profileImage_url, w.user_domain, w.gender, w.followers_count, w.friends_count, w.statuses_count, w.favourites_count, w.created_at, w.following, w.verified, w.verified_type, w.allow_all_act_asg, w.allow_all_comment, w.follow_me, w.avatar_large, w.online_status, w.bi_followers_count, w.remark, w.lang, w.verified_reason, w.weihao, w.status_id from customer c left join customer_weibo w on c.id=w.customer_id where c.id = ? 
2019-07-25 09:38:43,879 DEBUG (BaseJdbcLogger.java:159)- ==> Parameters: 1806(Integer)
2019-07-25 09:38:43,897 DEBUG (BaseJdbcLogger.java:159)- <==      Total: 1
2019-07-25 09:38:52,089 INFO (CustomerCotroller.java:344)- 获取用户信息id:1806
2019-07-25 09:38:52,096 DEBUG (BaseJdbcLogger.java:159)- ==>  Preparing: select c.id, c.openid, c.phone, c. nickname, c. password, c. sex, c. country, c. province, c. city, c. headimgurl,c.customer_source, c. privilege, c. state, c. register_time, c. update_time, c. real_name, c. birthday, c. register_department, c. source, c. scheduled_times, c.order_times, c. store_record_real_name, c. remark, c.remark2, c.remark3, c.remark4,responsible_person,data_integrity, w.customer_id as wcustomer_id,w.id as wid, w.screen_name, w.name as wname, w.province as wprovince, w.city as wcity, w.location, w.description, w.url, w.profileImage_url, w.user_domain, w.gender, w.followers_count, w.friends_count, w.statuses_count, w.favourites_count, w.created_at, w.following, w.verified, w.verified_type, w.allow_all_act_asg, w.allow_all_comment, w.follow_me, w.avatar_large, w.online_status, w.bi_followers_count, w.remark, w.lang, w.verified_reason, w.weihao, w.status_id from customer c left join customer_weibo w on c.id=w.customer_id where c.id = ? 
2019-07-25 09:38:52,096 DEBUG (BaseJdbcLogger.java:159)- ==> Parameters: 1806(Integer)
2019-07-25 09:38:52,110 DEBUG (BaseJdbcLogger.java:159)- <==      Total: 1
2019-07-25 09:38:55,316 INFO (CustomerCotroller.java:344)- 获取用户信息id:1806
2019-07-25 09:38:55,327 DEBUG (BaseJdbcLogger.java:159)- ==>  Preparing: select c.id, c.openid, c.phone, c. nickname, c. password, c. sex, c. country, c. province, c. city, c. headimgurl,c.customer_source, c. privilege, c. state, c. register_time, c. update_time, c. real_name, c. birthday, c. register_department, c. source, c. scheduled_times, c.order_times, c. store_record_real_name, c. remark, c.remark2, c.remark3, c.remark4,responsible_person,data_integrity, w.customer_id as wcustomer_id,w.id as wid, w.screen_name, w.name as wname, w.province as wprovince, w.city as wcity, w.location, w.description, w.url, w.profileImage_url, w.user_domain, w.gender, w.followers_count, w.friends_count, w.statuses_count, w.favourites_count, w.created_at, w.following, w.verified, w.verified_type, w.allow_all_act_asg, w.allow_all_comment, w.follow_me, w.avatar_large, w.online_status, w.bi_followers_count, w.remark, w.lang, w.verified_reason, w.weihao, w.status_id from customer c left join customer_weibo w on c.id=w.customer_id where c.id = ? 
2019-07-25 09:38:55,328 DEBUG (BaseJdbcLogger.java:159)- ==> Parameters: 1806(Integer)
2019-07-25 09:38:55,344 DEBUG (BaseJdbcLogger.java:159)- <==      Total: 1
2019-07-25 09:38:58,222 DEBUG (BaseJdbcLogger.java:159)- ==>  Preparing: select id, total_charge, charge_amount, bestow_amount, discount, level, remark from discount_config where id!=1 
2019-07-25 09:38:58,261 DEBUG (BaseJdbcLogger.java:159)- ==> Parameters: 
2019-07-25 09:38:58,272 DEBUG (BaseJdbcLogger.java:159)- <==      Total: 3
2019-07-25 09:38:58,406 DEBUG (BaseJdbcLogger.java:159)- ==>  Preparing: select customer_id, balance, current_discount, first_charge_time, update_time, total_charge, total_bestow, total_expenditure, version, level,discount_rate from customer_balance cb where customer_id = ? 
2019-07-25 09:38:58,406 DEBUG (BaseJdbcLogger.java:159)- ==> Parameters: 1806(Integer)
2019-07-25 09:38:58,418 DEBUG (BaseJdbcLogger.java:159)- <==      Total: 0
2019-07-25 09:38:58,435 DEBUG (BaseJdbcLogger.java:159)- ==>  Preparing: select id, total_charge, charge_amount, bestow_amount, discount, level, remark from discount_config where id = (select id from discount_config where ?>=total_charge order by total_charge desc limit 1) 
2019-07-25 09:38:58,435 DEBUG (BaseJdbcLogger.java:159)- ==> Parameters: 0(Integer)
2019-07-25 09:38:58,446 DEBUG (BaseJdbcLogger.java:159)- <==      Total: 1
2019-07-25 09:38:59,781 INFO (CouponController.java:283)- 查询领取优惠券的用户列表CouponCustomerRelevance:1806
2019-07-25 09:38:59,985 DEBUG (BaseJdbcLogger.java:159)- ==>  Preparing: SELECT count(0) FROM coupon_customer_relevance ccr LEFT JOIN coupon cp ON ccr.coupon_id = cp.id WHERE customer_id = ? 
2019-07-25 09:38:59,986 DEBUG (BaseJdbcLogger.java:159)- ==> Parameters: 1806(Integer)
2019-07-25 09:39:00,010 DEBUG (BaseJdbcLogger.java:159)- <==      Total: 1
2019-07-25 09:39:00,019 DEBUG (BaseJdbcLogger.java:159)- ==>  Preparing: select ccr.id as id, customer_id, coupon_id, ccr.state as state, code, receive_time, ccr.valid_start_time as valid_start_time,ccr.valid_end_time as valid_end_time , use_date, ccr.remark as remark, cp.id as cpid, name, discount_amount,reaching_amount, discount_percent, type, condition1, note, valid_type, valid_date, cp.valid_start_time as cpvalid_start_time , cp.valid_end_time as cpvalid_end_time, all_quantity, receive_quantity, use_quantity, limit_quantity, cp.state as cpstate, cp.remark as cpremark from coupon_customer_relevance ccr left join coupon cp on ccr.coupon_id = cp.id where customer_id = ? order by state,discount_amount desc,valid_end_time desc LIMIT ? 
2019-07-25 09:39:00,020 DEBUG (BaseJdbcLogger.java:159)- ==> Parameters: 1806(Integer), 100(Integer)
2019-07-25 09:39:00,042 DEBUG (BaseJdbcLogger.java:159)- <==      Total: 2
2019-07-25 12:00:00,006 INFO (CouponService.java:177)- 每天定时任务,查看优惠券是否即将过期,发起消息模板提醒
2019-07-25 12:00:00,136 DEBUG (BaseJdbcLogger.java:159)- ==>  Preparing: select ccr.id as id, customer_id, coupon_id, ccr.state as state, code, receive_time, ccr.valid_start_time as valid_start_time, ccr.valid_end_time as valid_end_time, use_date, ccr.remark as remark, cp.id as cpid, name, discount_amount,reaching_amount, discount_percent, type, condition1, note, valid_type, valid_date, cp.valid_start_time as cpvalid_start_time , cp.valid_end_time as cpvalid_end_time, all_quantity, receive_quantity, use_quantity, limit_quantity, cp.state as cpstate, cp.remark as cpremark, c.id as cid, openid, phone, nickname, password, sex, country, province, city, headimgurl, privilege, c.state as cstate, register_time, c.update_time as cupdate_time, real_name, birthday, register_department, source, scheduled_times,order_times, store_record_real_name from coupon_customer_relevance ccr left join coupon cp on ccr.coupon_id = cp.id left join customer c on ccr.customer_id = c.id order by receive_time desc 
2019-07-25 12:00:00,139 DEBUG (BaseJdbcLogger.java:159)- ==> Parameters: 
2019-07-25 12:00:01,546 DEBUG (BaseJdbcLogger.java:159)- <==      Total: 3013
2019-07-25 13:59:34,071 INFO (CustomerCotroller.java:366)- 获取用户信息openid:o7112v0qdTRxqTk7ABNIhAjYSEEU
2019-07-25 13:59:34,113 DEBUG (BaseJdbcLogger.java:159)- ==>  Preparing: select id, openid, phone, nickname, password, sex, country, province, city, headimgurl,customer_source, privilege, state, register_time, update_time, real_name, birthday, register_department, source, scheduled_times,order_times, store_record_real_name, remark,remark2,remark3,remark4,responsible_person,data_integrity from customer where openid = ? 
2019-07-25 13:59:34,116 DEBUG (BaseJdbcLogger.java:159)- ==> Parameters: o7112v0qdTRxqTk7ABNIhAjYSEEU(String)
2019-07-25 13:59:34,131 DEBUG (BaseJdbcLogger.java:159)- <==      Total: 1
2019-07-25 14:45:50,577 INFO (CustomerCotroller.java:366)- 获取用户信息openid:o7112v0qdTRxqTk7ABNIhAjYSEEU
2019-07-25 14:45:50,593 DEBUG (BaseJdbcLogger.java:159)- ==>  Preparing: select id, openid, phone, nickname, password, sex, country, province, city, headimgurl,customer_source, privilege, state, register_time, update_time, real_name, birthday, register_department, source, scheduled_times,order_times, store_record_real_name, remark,remark2,remark3,remark4,responsible_person,data_integrity from customer where openid = ? 
2019-07-25 14:45:50,595 DEBUG (BaseJdbcLogger.java:159)- ==> Parameters: o7112v0qdTRxqTk7ABNIhAjYSEEU(String)
2019-07-25 14:45:50,609 DEBUG (BaseJdbcLogger.java:159)- <==      Total: 1
2019-07-25 14:48:39,173 INFO (CustomerCotroller.java:366)- 获取用户信息openid:o7112v0qdTRxqTk7ABNIhAjYSEEU
2019-07-25 14:48:39,180 DEBUG (BaseJdbcLogger.java:159)- ==>  Preparing: select id, openid, phone, nickname, password, sex, country, province, city, headimgurl,customer_source, privilege, state, register_time, update_time, real_name, birthday, register_department, source, scheduled_times,order_times, store_record_real_name, remark,remark2,remark3,remark4,responsible_person,data_integrity from customer where openid = ? 
2019-07-25 14:48:39,181 DEBUG (BaseJdbcLogger.java:159)- ==> Parameters: o7112v0qdTRxqTk7ABNIhAjYSEEU(String)
2019-07-25 14:48:39,191 DEBUG (BaseJdbcLogger.java:159)- <==      Total: 1
2019-07-25 14:58:25,882 INFO (CustomerCotroller.java:366)- 获取用户信息openid:o7112v0qdTRxqTk7ABNIhAjYSEEU
2019-07-25 14:58:25,890 DEBUG (BaseJdbcLogger.java:159)- ==>  Preparing: select id, openid, phone, nickname, password, sex, country, province, city, headimgurl,customer_source, privilege, state, register_time, update_time, real_name, birthday, register_department, source, scheduled_times,order_times, store_record_real_name, remark,remark2,remark3,remark4,responsible_person,data_integrity from customer where openid = ? 
2019-07-25 14:58:25,891 DEBUG (BaseJdbcLogger.java:159)- ==> Parameters: o7112v0qdTRxqTk7ABNIhAjYSEEU(String)
2019-07-25 14:58:25,904 DEBUG (BaseJdbcLogger.java:159)- <==      Total: 1
2019-07-25 14:58:39,843 INFO (CustomerCotroller.java:366)- 获取用户信息openid:o7112v0qdTRxqTk7ABNIhAjYSEEU
2019-07-25 14:58:39,852 DEBUG (BaseJdbcLogger.java:159)- ==>  Preparing: select id, openid, phone, nickname, password, sex, country, province, city, headimgurl,customer_source, privilege, state, register_time, update_time, real_name, birthday, register_department, source, scheduled_times,order_times, store_record_real_name, remark,remark2,remark3,remark4,responsible_person,data_integrity from customer where openid = ? 
2019-07-25 14:58:39,853 DEBUG (BaseJdbcLogger.java:159)- ==> Parameters: o7112v0qdTRxqTk7ABNIhAjYSEEU(String)
2019-07-25 14:58:39,865 DEBUG (BaseJdbcLogger.java:159)- <==      Total: 1
2019-07-25 14:59:01,485 INFO (CustomerCotroller.java:366)- 获取用户信息openid:o7112v0qdTRxqTk7ABNIhAjYSEEU
2019-07-25 14:59:01,493 DEBUG (BaseJdbcLogger.java:159)- ==>  Preparing: select id, openid, phone, nickname, password, sex, country, province, city, headimgurl,customer_source, privilege, state, register_time, update_time, real_name, birthday, register_department, source, scheduled_times,order_times, store_record_real_name, remark,remark2,remark3,remark4,responsible_person,data_integrity from customer where openid = ? 
2019-07-25 14:59:01,494 DEBUG (BaseJdbcLogger.java:159)- ==> Parameters: o7112v0qdTRxqTk7ABNIhAjYSEEU(String)
2019-07-25 14:59:01,505 DEBUG (BaseJdbcLogger.java:159)- <==      Total: 1
2019-07-25 14:59:24,596 INFO (CustomerCotroller.java:366)- 获取用户信息openid:o7112v0qdTRxqTk7ABNIhAjYSEEU
2019-07-25 14:59:24,606 DEBUG (BaseJdbcLogger.java:159)- ==>  Preparing: select id, openid, phone, nickname, password, sex, country, province, city, headimgurl,customer_source, privilege, state, register_time, update_time, real_name, birthday, register_department, source, scheduled_times,order_times, store_record_real_name, remark,remark2,remark3,remark4,responsible_person,data_integrity from customer where openid = ? 
2019-07-25 14:59:24,659 DEBUG (BaseJdbcLogger.java:159)- ==> Parameters: o7112v0qdTRxqTk7ABNIhAjYSEEU(String)
2019-07-25 14:59:24,672 DEBUG (BaseJdbcLogger.java:159)- <==      Total: 1
2019-07-25 14:59:54,818 INFO (CustomerCotroller.java:366)- 获取用户信息openid:o7112v0qdTRxqTk7ABNIhAjYSEEU
2019-07-25 14:59:54,827 DEBUG (BaseJdbcLogger.java:159)- ==>  Preparing: select id, openid, phone, nickname, password, sex, country, province, city, headimgurl,customer_source, privilege, state, register_time, update_time, real_name, birthday, register_department, source, scheduled_times,order_times, store_record_real_name, remark,remark2,remark3,remark4,responsible_person,data_integrity from customer where openid = ? 
2019-07-25 14:59:54,827 DEBUG (BaseJdbcLogger.java:159)- ==> Parameters: o7112v0qdTRxqTk7ABNIhAjYSEEU(String)
2019-07-25 14:59:54,839 DEBUG (BaseJdbcLogger.java:159)- <==      Total: 1
2019-07-25 14:59:56,371 INFO (CustomerCotroller.java:344)- 获取用户信息id:1806
2019-07-25 14:59:56,379 DEBUG (BaseJdbcLogger.java:159)- ==>  Preparing: select c.id, c.openid, c.phone, c. nickname, c. password, c. sex, c. country, c. province, c. city, c. headimgurl,c.customer_source, c. privilege, c. state, c. register_time, c. update_time, c. real_name, c. birthday, c. register_department, c. source, c. scheduled_times, c.order_times, c. store_record_real_name, c. remark, c.remark2, c.remark3, c.remark4,responsible_person,data_integrity, w.customer_id as wcustomer_id,w.id as wid, w.screen_name, w.name as wname, w.province as wprovince, w.city as wcity, w.location, w.description, w.url, w.profileImage_url, w.user_domain, w.gender, w.followers_count, w.friends_count, w.statuses_count, w.favourites_count, w.created_at, w.following, w.verified, w.verified_type, w.allow_all_act_asg, w.allow_all_comment, w.follow_me, w.avatar_large, w.online_status, w.bi_followers_count, w.remark, w.lang, w.verified_reason, w.weihao, w.status_id from customer c left join customer_weibo w on c.id=w.customer_id where c.id = ? 
2019-07-25 14:59:56,381 DEBUG (BaseJdbcLogger.java:159)- ==> Parameters: 1806(Integer)
2019-07-25 14:59:56,397 DEBUG (BaseJdbcLogger.java:159)- <==      Total: 1
2019-07-25 14:59:56,510 INFO (CustomerCotroller.java:344)- 获取用户信息id:1806
2019-07-25 14:59:56,511 DEBUG (BaseJdbcLogger.java:159)- ==>  Preparing: select c.id, c.openid, c.phone, c. nickname, c. password, c. sex, c. country, c. province, c. city, c. headimgurl,c.customer_source, c. privilege, c. state, c. register_time, c. update_time, c. real_name, c. birthday, c. register_department, c. source, c. scheduled_times, c.order_times, c. store_record_real_name, c. remark, c.remark2, c.remark3, c.remark4,responsible_person,data_integrity, w.customer_id as wcustomer_id,w.id as wid, w.screen_name, w.name as wname, w.province as wprovince, w.city as wcity, w.location, w.description, w.url, w.profileImage_url, w.user_domain, w.gender, w.followers_count, w.friends_count, w.statuses_count, w.favourites_count, w.created_at, w.following, w.verified, w.verified_type, w.allow_all_act_asg, w.allow_all_comment, w.follow_me, w.avatar_large, w.online_status, w.bi_followers_count, w.remark, w.lang, w.verified_reason, w.weihao, w.status_id from customer c left join customer_weibo w on c.id=w.customer_id where c.id = ? 
2019-07-25 14:59:56,512 DEBUG (BaseJdbcLogger.java:159)- ==> Parameters: 1806(Integer)
2019-07-25 14:59:56,526 DEBUG (BaseJdbcLogger.java:159)- <==      Total: 1
2019-07-25 15:15:11,836 INFO (CustomerCotroller.java:366)- 获取用户信息openid:o7112v0qdTRxqTk7ABNIhAjYSEEU
2019-07-25 15:15:11,848 DEBUG (BaseJdbcLogger.java:159)- ==>  Preparing: select id, openid, phone, nickname, password, sex, country, province, city, headimgurl,customer_source, privilege, state, register_time, update_time, real_name, birthday, register_department, source, scheduled_times,order_times, store_record_real_name, remark,remark2,remark3,remark4,responsible_person,data_integrity from customer where openid = ? 
2019-07-25 15:15:11,851 DEBUG (BaseJdbcLogger.java:159)- ==> Parameters: o7112v0qdTRxqTk7ABNIhAjYSEEU(String)
2019-07-25 15:15:11,864 DEBUG (BaseJdbcLogger.java:159)- <==      Total: 1
2019-07-25 15:18:04,500 INFO (CustomerCotroller.java:366)- 获取用户信息openid:o7112v0qdTRxqTk7ABNIhAjYSEEU
2019-07-25 15:18:04,509 DEBUG (BaseJdbcLogger.java:159)- ==>  Preparing: select id, openid, phone, nickname, password, sex, country, province, city, headimgurl,customer_source, privilege, state, register_time, update_time, real_name, birthday, register_department, source, scheduled_times,order_times, store_record_real_name, remark,remark2,remark3,remark4,responsible_person,data_integrity from customer where openid = ? 
2019-07-25 15:18:04,510 DEBUG (BaseJdbcLogger.java:159)- ==> Parameters: o7112v0qdTRxqTk7ABNIhAjYSEEU(String)
2019-07-25 15:18:04,521 DEBUG (BaseJdbcLogger.java:159)- <==      Total: 1
2019-07-25 15:20:18,538 INFO (CustomerCotroller.java:366)- 获取用户信息openid:o7112v0qdTRxqTk7ABNIhAjYSEEU
2019-07-25 15:20:18,547 DEBUG (BaseJdbcLogger.java:159)- ==>  Preparing: select id, openid, phone, nickname, password, sex, country, province, city, headimgurl,customer_source, privilege, state, register_time, update_time, real_name, birthday, register_department, source, scheduled_times,order_times, store_record_real_name, remark,remark2,remark3,remark4,responsible_person,data_integrity from customer where openid = ? 
2019-07-25 15:20:18,548 DEBUG (BaseJdbcLogger.java:159)- ==> Parameters: o7112v0qdTRxqTk7ABNIhAjYSEEU(String)
2019-07-25 15:20:18,560 DEBUG (BaseJdbcLogger.java:159)- <==      Total: 1
2019-07-25 15:22:20,711 INFO (CustomerCotroller.java:366)- 获取用户信息openid:o7112v8L3jVgKH5FcYd60Pzy1hbM
2019-07-25 15:22:20,721 DEBUG (BaseJdbcLogger.java:159)- ==>  Preparing: select id, openid, phone, nickname, password, sex, country, province, city, headimgurl,customer_source, privilege, state, register_time, update_time, real_name, birthday, register_department, source, scheduled_times,order_times, store_record_real_name, remark,remark2,remark3,remark4,responsible_person,data_integrity from customer where openid = ? 
2019-07-25 15:22:20,721 DEBUG (BaseJdbcLogger.java:159)- ==> Parameters: o7112v8L3jVgKH5FcYd60Pzy1hbM(String)
2019-07-25 15:22:20,732 DEBUG (BaseJdbcLogger.java:159)- <==      Total: 0
2019-07-25 15:22:21,374 DEBUG (BaseJdbcLogger.java:159)- ==>  Preparing: insert into customer (id, openid, phone, nickname, password, sex, country, province, city, headimgurl, privilege, state, register_time, update_time, real_name, birthday, register_department, source, scheduled_times,order_times, store_record_real_name, remark,remark2,remark3,remark4) values (?, ?, ?, ?, ?, ?, ?, ?, ?, ?, ?, ?, ?, ?, ?, ?, ?, ?, ?,?,?, ?,?,?,?) 
2019-07-25 15:22:21,376 DEBUG (BaseJdbcLogger.java:159)- ==> Parameters: null, o7112v8L3jVgKH5FcYd60Pzy1hbM(String), null,  Chingching(String), null, 女(String), 阿曼(String), (String), (String), http://thirdwx.qlogo.cn/mmopen/vi_32/mLInfLqiaLaibIEKT9Uic6FPDpILUiabY2qicnk97UhUj4tNcd8GDVuRzgdH2EaCLf8icSDibU9Sics3TnUdic6vYzOVZ4Q/132(String), [](String), 1(String), 2019-07-25 15:22:21.337(Timestamp), 2019-07-25 15:22:21.337(Timestamp), null, null, null, 3(Integer), 0(Integer), 0(Integer), null, null, null, null, null
2019-07-25 15:22:21,397 DEBUG (BaseJdbcLogger.java:159)- <==    Updates: 1
2019-07-25 15:22:21,442 DEBUG (BaseJdbcLogger.java:159)- ==>  Preparing: SELECT @@IDENTITY AS id 
2019-07-25 15:22:21,445 DEBUG (BaseJdbcLogger.java:159)- ==> Parameters: 
2019-07-25 15:22:21,453 DEBUG (BaseJdbcLogger.java:159)- <==      Total: 1
2019-07-25 15:22:39,869 INFO (CustomerCotroller.java:366)- 获取用户信息openid:o7112v8L3jVgKH5FcYd60Pzy1hbM
2019-07-25 15:22:39,879 DEBUG (BaseJdbcLogger.java:159)- ==>  Preparing: select id, openid, phone, nickname, password, sex, country, province, city, headimgurl,customer_source, privilege, state, register_time, update_time, real_name, birthday, register_department, source, scheduled_times,order_times, store_record_real_name, remark,remark2,remark3,remark4,responsible_person,data_integrity from customer where openid = ? 
2019-07-25 15:22:39,880 DEBUG (BaseJdbcLogger.java:159)- ==> Parameters: o7112v8L3jVgKH5FcYd60Pzy1hbM(String)
2019-07-25 15:22:39,941 DEBUG (BaseJdbcLogger.java:159)- <==      Total: 1
2019-07-25 15:22:47,073 INFO (CustomerCotroller.java:366)- 获取用户信息openid:o7112v8L3jVgKH5FcYd60Pzy1hbM
2019-07-25 15:22:47,081 DEBUG (BaseJdbcLogger.java:159)- ==>  Preparing: select id, openid, phone, nickname, password, sex, country, province, city, headimgurl,customer_source, privilege, state, register_time, update_time, real_name, birthday, register_department, source, scheduled_times,order_times, store_record_real_name, remark,remark2,remark3,remark4,responsible_person,data_integrity from customer where openid = ? 
2019-07-25 15:22:47,081 DEBUG (BaseJdbcLogger.java:159)- ==> Parameters: o7112v8L3jVgKH5FcYd60Pzy1hbM(String)
2019-07-25 15:22:47,116 DEBUG (BaseJdbcLogger.java:159)- <==      Total: 1
2019-07-25 15:23:24,171 INFO (CustomerCotroller.java:366)- 获取用户信息openid:o7112v8L3jVgKH5FcYd60Pzy1hbM
2019-07-25 15:23:24,179 DEBUG (BaseJdbcLogger.java:159)- ==>  Preparing: select id, openid, phone, nickname, password, sex, country, province, city, headimgurl,customer_source, privilege, state, register_time, update_time, real_name, birthday, register_department, source, scheduled_times,order_times, store_record_real_name, remark,remark2,remark3,remark4,responsible_person,data_integrity from customer where openid = ? 
2019-07-25 15:23:24,180 DEBUG (BaseJdbcLogger.java:159)- ==> Parameters: o7112v8L3jVgKH5FcYd60Pzy1hbM(String)
2019-07-25 15:23:24,192 DEBUG (BaseJdbcLogger.java:159)- <==      Total: 1
2019-07-25 15:24:00,192 INFO (CustomerCotroller.java:366)- 获取用户信息openid:o7112v8L3jVgKH5FcYd60Pzy1hbM
2019-07-25 15:24:00,202 DEBUG (BaseJdbcLogger.java:159)- ==>  Preparing: select id, openid, phone, nickname, password, sex, country, province, city, headimgurl,customer_source, privilege, state, register_time, update_time, real_name, birthday, register_department, source, scheduled_times,order_times, store_record_real_name, remark,remark2,remark3,remark4,responsible_person,data_integrity from customer where openid = ? 
2019-07-25 15:24:00,202 DEBUG (BaseJdbcLogger.java:159)- ==> Parameters: o7112v8L3jVgKH5FcYd60Pzy1hbM(String)
2019-07-25 15:24:00,260 DEBUG (BaseJdbcLogger.java:159)- <==      Total: 1
2019-07-25 23:13:24,061 WARN (HikariPool.java:758)- HikariPool-1 - Thread starvation or clock leap detected (housekeeper delta=1m41s451ms372µs676ns).
2019-07-25 23:14:29,105 WARN (HikariPool.java:758)- HikariPool-1 - Thread starvation or clock leap detected (housekeeper delta=1m29s719ms157µs965ns).
