2019-07-24 03:00:00,003 INFO (CouponService.java:190)- 每天定时任务,判断优惠券是否过期
2019-07-24 03:00:00,042 DEBUG (BaseJdbcLogger.java:159)- ==>  Preparing: update coupon_customer_relevance set state = 3 where state = 1 and ? > valid_end_time 
2019-07-24 03:00:00,052 DEBUG (BaseJdbcLogger.java:159)- ==> Parameters: 2019-07-24 03:00:00.017(Timestamp)
2019-07-24 03:00:00,075 DEBUG (BaseJdbcLogger.java:159)- <==    Updates: 0
2019-07-24 09:20:14,927 INFO (CustomerCotroller.java:366)- 获取用户信息openid:o7112v-gTwp2OnTun_iBfiRz9_do
2019-07-24 09:20:14,982 DEBUG (BaseJdbcLogger.java:159)- ==>  Preparing: select id, openid, phone, nickname, password, sex, country, province, city, headimgurl,customer_source, privilege, state, register_time, update_time, real_name, birthday, register_department, source, scheduled_times,order_times, store_record_real_name, remark,remark2,remark3,remark4,responsible_person,data_integrity from customer where openid = ? 
2019-07-24 09:20:14,984 DEBUG (BaseJdbcLogger.java:159)- ==> Parameters: o7112v-gTwp2OnTun_iBfiRz9_do(String)
2019-07-24 09:20:14,997 DEBUG (BaseJdbcLogger.java:159)- <==      Total: 1
2019-07-24 09:21:54,877 INFO (CustomerCotroller.java:366)- 获取用户信息openid:o7112v-gTwp2OnTun_iBfiRz9_do
2019-07-24 09:21:54,889 DEBUG (BaseJdbcLogger.java:159)- ==>  Preparing: select id, openid, phone, nickname, password, sex, country, province, city, headimgurl,customer_source, privilege, state, register_time, update_time, real_name, birthday, register_department, source, scheduled_times,order_times, store_record_real_name, remark,remark2,remark3,remark4,responsible_person,data_integrity from customer where openid = ? 
2019-07-24 09:21:54,889 DEBUG (BaseJdbcLogger.java:159)- ==> Parameters: o7112v-gTwp2OnTun_iBfiRz9_do(String)
2019-07-24 09:21:54,901 DEBUG (BaseJdbcLogger.java:159)- <==      Total: 1
2019-07-24 09:21:58,272 INFO (CustomerCotroller.java:344)- 获取用户信息id:1805
2019-07-24 09:21:58,281 DEBUG (BaseJdbcLogger.java:159)- ==>  Preparing: select c.id, c.openid, c.phone, c. nickname, c. password, c. sex, c. country, c. province, c. city, c. headimgurl,c.customer_source, c. privilege, c. state, c. register_time, c. update_time, c. real_name, c. birthday, c. register_department, c. source, c. scheduled_times, c.order_times, c. store_record_real_name, c. remark, c.remark2, c.remark3, c.remark4,responsible_person,data_integrity, w.customer_id as wcustomer_id,w.id as wid, w.screen_name, w.name as wname, w.province as wprovince, w.city as wcity, w.location, w.description, w.url, w.profileImage_url, w.user_domain, w.gender, w.followers_count, w.friends_count, w.statuses_count, w.favourites_count, w.created_at, w.following, w.verified, w.verified_type, w.allow_all_act_asg, w.allow_all_comment, w.follow_me, w.avatar_large, w.online_status, w.bi_followers_count, w.remark, w.lang, w.verified_reason, w.weihao, w.status_id from customer c left join customer_weibo w on c.id=w.customer_id where c.id = ? 
2019-07-24 09:21:58,282 DEBUG (BaseJdbcLogger.java:159)- ==> Parameters: 1805(Integer)
2019-07-24 09:21:58,297 DEBUG (BaseJdbcLogger.java:159)- <==      Total: 1
2019-07-24 09:21:58,434 INFO (CustomerCotroller.java:344)- 获取用户信息id:1805
2019-07-24 09:21:58,435 DEBUG (BaseJdbcLogger.java:159)- ==>  Preparing: select c.id, c.openid, c.phone, c. nickname, c. password, c. sex, c. country, c. province, c. city, c. headimgurl,c.customer_source, c. privilege, c. state, c. register_time, c. update_time, c. real_name, c. birthday, c. register_department, c. source, c. scheduled_times, c.order_times, c. store_record_real_name, c. remark, c.remark2, c.remark3, c.remark4,responsible_person,data_integrity, w.customer_id as wcustomer_id,w.id as wid, w.screen_name, w.name as wname, w.province as wprovince, w.city as wcity, w.location, w.description, w.url, w.profileImage_url, w.user_domain, w.gender, w.followers_count, w.friends_count, w.statuses_count, w.favourites_count, w.created_at, w.following, w.verified, w.verified_type, w.allow_all_act_asg, w.allow_all_comment, w.follow_me, w.avatar_large, w.online_status, w.bi_followers_count, w.remark, w.lang, w.verified_reason, w.weihao, w.status_id from customer c left join customer_weibo w on c.id=w.customer_id where c.id = ? 
2019-07-24 09:21:58,436 DEBUG (BaseJdbcLogger.java:159)- ==> Parameters: 1805(Integer)
2019-07-24 09:21:58,451 DEBUG (BaseJdbcLogger.java:159)- <==      Total: 1
2019-07-24 09:22:12,009 INFO (CustomerCotroller.java:366)- 获取用户信息openid:o7112v-gTwp2OnTun_iBfiRz9_do
2019-07-24 09:22:12,027 DEBUG (BaseJdbcLogger.java:159)- ==>  Preparing: select id, openid, phone, nickname, password, sex, country, province, city, headimgurl,customer_source, privilege, state, register_time, update_time, real_name, birthday, register_department, source, scheduled_times,order_times, store_record_real_name, remark,remark2,remark3,remark4,responsible_person,data_integrity from customer where openid = ? 
2019-07-24 09:22:12,028 DEBUG (BaseJdbcLogger.java:159)- ==> Parameters: o7112v-gTwp2OnTun_iBfiRz9_do(String)
2019-07-24 09:22:12,039 DEBUG (BaseJdbcLogger.java:159)- <==      Total: 1
2019-07-24 09:22:13,566 INFO (CustomerCotroller.java:344)- 获取用户信息id:1805
2019-07-24 09:22:13,573 DEBUG (BaseJdbcLogger.java:159)- ==>  Preparing: select c.id, c.openid, c.phone, c. nickname, c. password, c. sex, c. country, c. province, c. city, c. headimgurl,c.customer_source, c. privilege, c. state, c. register_time, c. update_time, c. real_name, c. birthday, c. register_department, c. source, c. scheduled_times, c.order_times, c. store_record_real_name, c. remark, c.remark2, c.remark3, c.remark4,responsible_person,data_integrity, w.customer_id as wcustomer_id,w.id as wid, w.screen_name, w.name as wname, w.province as wprovince, w.city as wcity, w.location, w.description, w.url, w.profileImage_url, w.user_domain, w.gender, w.followers_count, w.friends_count, w.statuses_count, w.favourites_count, w.created_at, w.following, w.verified, w.verified_type, w.allow_all_act_asg, w.allow_all_comment, w.follow_me, w.avatar_large, w.online_status, w.bi_followers_count, w.remark, w.lang, w.verified_reason, w.weihao, w.status_id from customer c left join customer_weibo w on c.id=w.customer_id where c.id = ? 
2019-07-24 09:22:13,574 DEBUG (BaseJdbcLogger.java:159)- ==> Parameters: 1805(Integer)
2019-07-24 09:22:13,587 DEBUG (BaseJdbcLogger.java:159)- <==      Total: 1
2019-07-24 09:22:13,696 INFO (CustomerCotroller.java:344)- 获取用户信息id:1805
2019-07-24 09:22:13,699 DEBUG (BaseJdbcLogger.java:159)- ==>  Preparing: select c.id, c.openid, c.phone, c. nickname, c. password, c. sex, c. country, c. province, c. city, c. headimgurl,c.customer_source, c. privilege, c. state, c. register_time, c. update_time, c. real_name, c. birthday, c. register_department, c. source, c. scheduled_times, c.order_times, c. store_record_real_name, c. remark, c.remark2, c.remark3, c.remark4,responsible_person,data_integrity, w.customer_id as wcustomer_id,w.id as wid, w.screen_name, w.name as wname, w.province as wprovince, w.city as wcity, w.location, w.description, w.url, w.profileImage_url, w.user_domain, w.gender, w.followers_count, w.friends_count, w.statuses_count, w.favourites_count, w.created_at, w.following, w.verified, w.verified_type, w.allow_all_act_asg, w.allow_all_comment, w.follow_me, w.avatar_large, w.online_status, w.bi_followers_count, w.remark, w.lang, w.verified_reason, w.weihao, w.status_id from customer c left join customer_weibo w on c.id=w.customer_id where c.id = ? 
2019-07-24 09:22:13,701 DEBUG (BaseJdbcLogger.java:159)- ==> Parameters: 1805(Integer)
2019-07-24 09:22:13,714 DEBUG (BaseJdbcLogger.java:159)- <==      Total: 1
2019-07-24 09:23:07,245 INFO (CustomerCotroller.java:366)- 获取用户信息openid:o7112v-gTwp2OnTun_iBfiRz9_do
2019-07-24 09:23:07,255 DEBUG (BaseJdbcLogger.java:159)- ==>  Preparing: select id, openid, phone, nickname, password, sex, country, province, city, headimgurl,customer_source, privilege, state, register_time, update_time, real_name, birthday, register_department, source, scheduled_times,order_times, store_record_real_name, remark,remark2,remark3,remark4,responsible_person,data_integrity from customer where openid = ? 
2019-07-24 09:23:07,257 DEBUG (BaseJdbcLogger.java:159)- ==> Parameters: o7112v-gTwp2OnTun_iBfiRz9_do(String)
2019-07-24 09:23:07,269 DEBUG (BaseJdbcLogger.java:159)- <==      Total: 1
2019-07-24 09:23:09,821 INFO (CustomerCotroller.java:344)- 获取用户信息id:1805
2019-07-24 09:23:09,828 DEBUG (BaseJdbcLogger.java:159)- ==>  Preparing: select c.id, c.openid, c.phone, c. nickname, c. password, c. sex, c. country, c. province, c. city, c. headimgurl,c.customer_source, c. privilege, c. state, c. register_time, c. update_time, c. real_name, c. birthday, c. register_department, c. source, c. scheduled_times, c.order_times, c. store_record_real_name, c. remark, c.remark2, c.remark3, c.remark4,responsible_person,data_integrity, w.customer_id as wcustomer_id,w.id as wid, w.screen_name, w.name as wname, w.province as wprovince, w.city as wcity, w.location, w.description, w.url, w.profileImage_url, w.user_domain, w.gender, w.followers_count, w.friends_count, w.statuses_count, w.favourites_count, w.created_at, w.following, w.verified, w.verified_type, w.allow_all_act_asg, w.allow_all_comment, w.follow_me, w.avatar_large, w.online_status, w.bi_followers_count, w.remark, w.lang, w.verified_reason, w.weihao, w.status_id from customer c left join customer_weibo w on c.id=w.customer_id where c.id = ? 
2019-07-24 09:23:09,829 DEBUG (BaseJdbcLogger.java:159)- ==> Parameters: 1805(Integer)
2019-07-24 09:23:09,841 DEBUG (BaseJdbcLogger.java:159)- <==      Total: 1
2019-07-24 09:23:09,943 INFO (CustomerCotroller.java:344)- 获取用户信息id:1805
2019-07-24 09:23:09,945 DEBUG (BaseJdbcLogger.java:159)- ==>  Preparing: select c.id, c.openid, c.phone, c. nickname, c. password, c. sex, c. country, c. province, c. city, c. headimgurl,c.customer_source, c. privilege, c. state, c. register_time, c. update_time, c. real_name, c. birthday, c. register_department, c. source, c. scheduled_times, c.order_times, c. store_record_real_name, c. remark, c.remark2, c.remark3, c.remark4,responsible_person,data_integrity, w.customer_id as wcustomer_id,w.id as wid, w.screen_name, w.name as wname, w.province as wprovince, w.city as wcity, w.location, w.description, w.url, w.profileImage_url, w.user_domain, w.gender, w.followers_count, w.friends_count, w.statuses_count, w.favourites_count, w.created_at, w.following, w.verified, w.verified_type, w.allow_all_act_asg, w.allow_all_comment, w.follow_me, w.avatar_large, w.online_status, w.bi_followers_count, w.remark, w.lang, w.verified_reason, w.weihao, w.status_id from customer c left join customer_weibo w on c.id=w.customer_id where c.id = ? 
2019-07-24 09:23:09,946 DEBUG (BaseJdbcLogger.java:159)- ==> Parameters: 1805(Integer)
2019-07-24 09:23:09,960 DEBUG (BaseJdbcLogger.java:159)- <==      Total: 1
2019-07-24 09:24:08,548 INFO (CustomerCotroller.java:366)- 获取用户信息openid:o7112v-gTwp2OnTun_iBfiRz9_do
2019-07-24 09:24:08,558 DEBUG (BaseJdbcLogger.java:159)- ==>  Preparing: select id, openid, phone, nickname, password, sex, country, province, city, headimgurl,customer_source, privilege, state, register_time, update_time, real_name, birthday, register_department, source, scheduled_times,order_times, store_record_real_name, remark,remark2,remark3,remark4,responsible_person,data_integrity from customer where openid = ? 
2019-07-24 09:24:08,559 DEBUG (BaseJdbcLogger.java:159)- ==> Parameters: o7112v-gTwp2OnTun_iBfiRz9_do(String)
2019-07-24 09:24:08,573 DEBUG (BaseJdbcLogger.java:159)- <==      Total: 1
2019-07-24 09:24:10,530 INFO (CustomerCotroller.java:344)- 获取用户信息id:1805
2019-07-24 09:24:10,543 DEBUG (BaseJdbcLogger.java:159)- ==>  Preparing: select c.id, c.openid, c.phone, c. nickname, c. password, c. sex, c. country, c. province, c. city, c. headimgurl,c.customer_source, c. privilege, c. state, c. register_time, c. update_time, c. real_name, c. birthday, c. register_department, c. source, c. scheduled_times, c.order_times, c. store_record_real_name, c. remark, c.remark2, c.remark3, c.remark4,responsible_person,data_integrity, w.customer_id as wcustomer_id,w.id as wid, w.screen_name, w.name as wname, w.province as wprovince, w.city as wcity, w.location, w.description, w.url, w.profileImage_url, w.user_domain, w.gender, w.followers_count, w.friends_count, w.statuses_count, w.favourites_count, w.created_at, w.following, w.verified, w.verified_type, w.allow_all_act_asg, w.allow_all_comment, w.follow_me, w.avatar_large, w.online_status, w.bi_followers_count, w.remark, w.lang, w.verified_reason, w.weihao, w.status_id from customer c left join customer_weibo w on c.id=w.customer_id where c.id = ? 
2019-07-24 09:24:10,544 DEBUG (BaseJdbcLogger.java:159)- ==> Parameters: 1805(Integer)
2019-07-24 09:24:10,563 DEBUG (BaseJdbcLogger.java:159)- <==      Total: 1
2019-07-24 09:24:10,657 INFO (CustomerCotroller.java:344)- 获取用户信息id:1805
2019-07-24 09:24:10,661 DEBUG (BaseJdbcLogger.java:159)- ==>  Preparing: select c.id, c.openid, c.phone, c. nickname, c. password, c. sex, c. country, c. province, c. city, c. headimgurl,c.customer_source, c. privilege, c. state, c. register_time, c. update_time, c. real_name, c. birthday, c. register_department, c. source, c. scheduled_times, c.order_times, c. store_record_real_name, c. remark, c.remark2, c.remark3, c.remark4,responsible_person,data_integrity, w.customer_id as wcustomer_id,w.id as wid, w.screen_name, w.name as wname, w.province as wprovince, w.city as wcity, w.location, w.description, w.url, w.profileImage_url, w.user_domain, w.gender, w.followers_count, w.friends_count, w.statuses_count, w.favourites_count, w.created_at, w.following, w.verified, w.verified_type, w.allow_all_act_asg, w.allow_all_comment, w.follow_me, w.avatar_large, w.online_status, w.bi_followers_count, w.remark, w.lang, w.verified_reason, w.weihao, w.status_id from customer c left join customer_weibo w on c.id=w.customer_id where c.id = ? 
2019-07-24 09:24:10,662 DEBUG (BaseJdbcLogger.java:159)- ==> Parameters: 1805(Integer)
2019-07-24 09:24:10,680 DEBUG (BaseJdbcLogger.java:159)- <==      Total: 1
2019-07-24 09:46:05,978 INFO (CustomerCotroller.java:366)- 获取用户信息openid:o7112v0qdTRxqTk7ABNIhAjYSEEU
2019-07-24 09:46:05,991 DEBUG (BaseJdbcLogger.java:159)- ==>  Preparing: select id, openid, phone, nickname, password, sex, country, province, city, headimgurl,customer_source, privilege, state, register_time, update_time, real_name, birthday, register_department, source, scheduled_times,order_times, store_record_real_name, remark,remark2,remark3,remark4,responsible_person,data_integrity from customer where openid = ? 
2019-07-24 09:46:05,992 DEBUG (BaseJdbcLogger.java:159)- ==> Parameters: o7112v0qdTRxqTk7ABNIhAjYSEEU(String)
2019-07-24 09:46:06,008 DEBUG (BaseJdbcLogger.java:159)- <==      Total: 1
2019-07-24 09:46:13,486 INFO (CustomerCotroller.java:344)- 获取用户信息id:1806
2019-07-24 09:46:13,502 DEBUG (BaseJdbcLogger.java:159)- ==>  Preparing: select c.id, c.openid, c.phone, c. nickname, c. password, c. sex, c. country, c. province, c. city, c. headimgurl,c.customer_source, c. privilege, c. state, c. register_time, c. update_time, c. real_name, c. birthday, c. register_department, c. source, c. scheduled_times, c.order_times, c. store_record_real_name, c. remark, c.remark2, c.remark3, c.remark4,responsible_person,data_integrity, w.customer_id as wcustomer_id,w.id as wid, w.screen_name, w.name as wname, w.province as wprovince, w.city as wcity, w.location, w.description, w.url, w.profileImage_url, w.user_domain, w.gender, w.followers_count, w.friends_count, w.statuses_count, w.favourites_count, w.created_at, w.following, w.verified, w.verified_type, w.allow_all_act_asg, w.allow_all_comment, w.follow_me, w.avatar_large, w.online_status, w.bi_followers_count, w.remark, w.lang, w.verified_reason, w.weihao, w.status_id from customer c left join customer_weibo w on c.id=w.customer_id where c.id = ? 
2019-07-24 09:46:13,503 DEBUG (BaseJdbcLogger.java:159)- ==> Parameters: 1806(Integer)
2019-07-24 09:46:13,516 DEBUG (BaseJdbcLogger.java:159)- <==      Total: 1
2019-07-24 09:46:13,634 INFO (CustomerCotroller.java:344)- 获取用户信息id:1806
2019-07-24 09:46:13,637 DEBUG (BaseJdbcLogger.java:159)- ==>  Preparing: select c.id, c.openid, c.phone, c. nickname, c. password, c. sex, c. country, c. province, c. city, c. headimgurl,c.customer_source, c. privilege, c. state, c. register_time, c. update_time, c. real_name, c. birthday, c. register_department, c. source, c. scheduled_times, c.order_times, c. store_record_real_name, c. remark, c.remark2, c.remark3, c.remark4,responsible_person,data_integrity, w.customer_id as wcustomer_id,w.id as wid, w.screen_name, w.name as wname, w.province as wprovince, w.city as wcity, w.location, w.description, w.url, w.profileImage_url, w.user_domain, w.gender, w.followers_count, w.friends_count, w.statuses_count, w.favourites_count, w.created_at, w.following, w.verified, w.verified_type, w.allow_all_act_asg, w.allow_all_comment, w.follow_me, w.avatar_large, w.online_status, w.bi_followers_count, w.remark, w.lang, w.verified_reason, w.weihao, w.status_id from customer c left join customer_weibo w on c.id=w.customer_id where c.id = ? 
2019-07-24 09:46:13,638 DEBUG (BaseJdbcLogger.java:159)- ==> Parameters: 1806(Integer)
2019-07-24 09:46:13,654 DEBUG (BaseJdbcLogger.java:159)- <==      Total: 1
2019-07-24 09:46:18,807 INFO (CustomerCotroller.java:344)- 获取用户信息id:1806
2019-07-24 09:46:18,819 DEBUG (BaseJdbcLogger.java:159)- ==>  Preparing: select c.id, c.openid, c.phone, c. nickname, c. password, c. sex, c. country, c. province, c. city, c. headimgurl,c.customer_source, c. privilege, c. state, c. register_time, c. update_time, c. real_name, c. birthday, c. register_department, c. source, c. scheduled_times, c.order_times, c. store_record_real_name, c. remark, c.remark2, c.remark3, c.remark4,responsible_person,data_integrity, w.customer_id as wcustomer_id,w.id as wid, w.screen_name, w.name as wname, w.province as wprovince, w.city as wcity, w.location, w.description, w.url, w.profileImage_url, w.user_domain, w.gender, w.followers_count, w.friends_count, w.statuses_count, w.favourites_count, w.created_at, w.following, w.verified, w.verified_type, w.allow_all_act_asg, w.allow_all_comment, w.follow_me, w.avatar_large, w.online_status, w.bi_followers_count, w.remark, w.lang, w.verified_reason, w.weihao, w.status_id from customer c left join customer_weibo w on c.id=w.customer_id where c.id = ? 
2019-07-24 09:46:18,819 DEBUG (BaseJdbcLogger.java:159)- ==> Parameters: 1806(Integer)
2019-07-24 09:46:18,837 DEBUG (BaseJdbcLogger.java:159)- <==      Total: 1
2019-07-24 09:46:25,167 INFO (CustomerCotroller.java:344)- 获取用户信息id:1806
2019-07-24 09:46:25,179 DEBUG (BaseJdbcLogger.java:159)- ==>  Preparing: select c.id, c.openid, c.phone, c. nickname, c. password, c. sex, c. country, c. province, c. city, c. headimgurl,c.customer_source, c. privilege, c. state, c. register_time, c. update_time, c. real_name, c. birthday, c. register_department, c. source, c. scheduled_times, c.order_times, c. store_record_real_name, c. remark, c.remark2, c.remark3, c.remark4,responsible_person,data_integrity, w.customer_id as wcustomer_id,w.id as wid, w.screen_name, w.name as wname, w.province as wprovince, w.city as wcity, w.location, w.description, w.url, w.profileImage_url, w.user_domain, w.gender, w.followers_count, w.friends_count, w.statuses_count, w.favourites_count, w.created_at, w.following, w.verified, w.verified_type, w.allow_all_act_asg, w.allow_all_comment, w.follow_me, w.avatar_large, w.online_status, w.bi_followers_count, w.remark, w.lang, w.verified_reason, w.weihao, w.status_id from customer c left join customer_weibo w on c.id=w.customer_id where c.id = ? 
2019-07-24 09:46:25,180 DEBUG (BaseJdbcLogger.java:159)- ==> Parameters: 1806(Integer)
2019-07-24 09:46:25,197 DEBUG (BaseJdbcLogger.java:159)- <==      Total: 1
2019-07-24 09:46:26,216 INFO (CustomerCotroller.java:344)- 获取用户信息id:1806
2019-07-24 09:46:26,229 DEBUG (BaseJdbcLogger.java:159)- ==>  Preparing: select c.id, c.openid, c.phone, c. nickname, c. password, c. sex, c. country, c. province, c. city, c. headimgurl,c.customer_source, c. privilege, c. state, c. register_time, c. update_time, c. real_name, c. birthday, c. register_department, c. source, c. scheduled_times, c.order_times, c. store_record_real_name, c. remark, c.remark2, c.remark3, c.remark4,responsible_person,data_integrity, w.customer_id as wcustomer_id,w.id as wid, w.screen_name, w.name as wname, w.province as wprovince, w.city as wcity, w.location, w.description, w.url, w.profileImage_url, w.user_domain, w.gender, w.followers_count, w.friends_count, w.statuses_count, w.favourites_count, w.created_at, w.following, w.verified, w.verified_type, w.allow_all_act_asg, w.allow_all_comment, w.follow_me, w.avatar_large, w.online_status, w.bi_followers_count, w.remark, w.lang, w.verified_reason, w.weihao, w.status_id from customer c left join customer_weibo w on c.id=w.customer_id where c.id = ? 
2019-07-24 09:46:26,229 DEBUG (BaseJdbcLogger.java:159)- ==> Parameters: 1806(Integer)
2019-07-24 09:46:26,246 DEBUG (BaseJdbcLogger.java:159)- <==      Total: 1
2019-07-24 09:46:26,919 INFO (CustomerCotroller.java:344)- 获取用户信息id:1806
2019-07-24 09:46:26,930 DEBUG (BaseJdbcLogger.java:159)- ==>  Preparing: select c.id, c.openid, c.phone, c. nickname, c. password, c. sex, c. country, c. province, c. city, c. headimgurl,c.customer_source, c. privilege, c. state, c. register_time, c. update_time, c. real_name, c. birthday, c. register_department, c. source, c. scheduled_times, c.order_times, c. store_record_real_name, c. remark, c.remark2, c.remark3, c.remark4,responsible_person,data_integrity, w.customer_id as wcustomer_id,w.id as wid, w.screen_name, w.name as wname, w.province as wprovince, w.city as wcity, w.location, w.description, w.url, w.profileImage_url, w.user_domain, w.gender, w.followers_count, w.friends_count, w.statuses_count, w.favourites_count, w.created_at, w.following, w.verified, w.verified_type, w.allow_all_act_asg, w.allow_all_comment, w.follow_me, w.avatar_large, w.online_status, w.bi_followers_count, w.remark, w.lang, w.verified_reason, w.weihao, w.status_id from customer c left join customer_weibo w on c.id=w.customer_id where c.id = ? 
2019-07-24 09:46:26,930 DEBUG (BaseJdbcLogger.java:159)- ==> Parameters: 1806(Integer)
2019-07-24 09:46:26,948 DEBUG (BaseJdbcLogger.java:159)- <==      Total: 1
2019-07-24 09:46:27,997 INFO (CustomerCotroller.java:344)- 获取用户信息id:1806
2019-07-24 09:46:28,009 DEBUG (BaseJdbcLogger.java:159)- ==>  Preparing: select c.id, c.openid, c.phone, c. nickname, c. password, c. sex, c. country, c. province, c. city, c. headimgurl,c.customer_source, c. privilege, c. state, c. register_time, c. update_time, c. real_name, c. birthday, c. register_department, c. source, c. scheduled_times, c.order_times, c. store_record_real_name, c. remark, c.remark2, c.remark3, c.remark4,responsible_person,data_integrity, w.customer_id as wcustomer_id,w.id as wid, w.screen_name, w.name as wname, w.province as wprovince, w.city as wcity, w.location, w.description, w.url, w.profileImage_url, w.user_domain, w.gender, w.followers_count, w.friends_count, w.statuses_count, w.favourites_count, w.created_at, w.following, w.verified, w.verified_type, w.allow_all_act_asg, w.allow_all_comment, w.follow_me, w.avatar_large, w.online_status, w.bi_followers_count, w.remark, w.lang, w.verified_reason, w.weihao, w.status_id from customer c left join customer_weibo w on c.id=w.customer_id where c.id = ? 
2019-07-24 09:46:28,010 DEBUG (BaseJdbcLogger.java:159)- ==> Parameters: 1806(Integer)
2019-07-24 09:46:28,027 DEBUG (BaseJdbcLogger.java:159)- <==      Total: 1
2019-07-24 09:46:28,909 INFO (CustomerCotroller.java:344)- 获取用户信息id:1806
2019-07-24 09:46:28,924 DEBUG (BaseJdbcLogger.java:159)- ==>  Preparing: select c.id, c.openid, c.phone, c. nickname, c. password, c. sex, c. country, c. province, c. city, c. headimgurl,c.customer_source, c. privilege, c. state, c. register_time, c. update_time, c. real_name, c. birthday, c. register_department, c. source, c. scheduled_times, c.order_times, c. store_record_real_name, c. remark, c.remark2, c.remark3, c.remark4,responsible_person,data_integrity, w.customer_id as wcustomer_id,w.id as wid, w.screen_name, w.name as wname, w.province as wprovince, w.city as wcity, w.location, w.description, w.url, w.profileImage_url, w.user_domain, w.gender, w.followers_count, w.friends_count, w.statuses_count, w.favourites_count, w.created_at, w.following, w.verified, w.verified_type, w.allow_all_act_asg, w.allow_all_comment, w.follow_me, w.avatar_large, w.online_status, w.bi_followers_count, w.remark, w.lang, w.verified_reason, w.weihao, w.status_id from customer c left join customer_weibo w on c.id=w.customer_id where c.id = ? 
2019-07-24 09:46:28,925 DEBUG (BaseJdbcLogger.java:159)- ==> Parameters: 1806(Integer)
2019-07-24 09:46:28,943 DEBUG (BaseJdbcLogger.java:159)- <==      Total: 1
2019-07-24 09:46:41,385 INFO (CustomerCotroller.java:344)- 获取用户信息id:1806
2019-07-24 09:46:41,394 DEBUG (BaseJdbcLogger.java:159)- ==>  Preparing: select c.id, c.openid, c.phone, c. nickname, c. password, c. sex, c. country, c. province, c. city, c. headimgurl,c.customer_source, c. privilege, c. state, c. register_time, c. update_time, c. real_name, c. birthday, c. register_department, c. source, c. scheduled_times, c.order_times, c. store_record_real_name, c. remark, c.remark2, c.remark3, c.remark4,responsible_person,data_integrity, w.customer_id as wcustomer_id,w.id as wid, w.screen_name, w.name as wname, w.province as wprovince, w.city as wcity, w.location, w.description, w.url, w.profileImage_url, w.user_domain, w.gender, w.followers_count, w.friends_count, w.statuses_count, w.favourites_count, w.created_at, w.following, w.verified, w.verified_type, w.allow_all_act_asg, w.allow_all_comment, w.follow_me, w.avatar_large, w.online_status, w.bi_followers_count, w.remark, w.lang, w.verified_reason, w.weihao, w.status_id from customer c left join customer_weibo w on c.id=w.customer_id where c.id = ? 
2019-07-24 09:46:41,395 DEBUG (BaseJdbcLogger.java:159)- ==> Parameters: 1806(Integer)
2019-07-24 09:46:41,411 DEBUG (BaseJdbcLogger.java:159)- <==      Total: 1
2019-07-24 09:47:21,030 INFO (CustomerCotroller.java:366)- 获取用户信息openid:o7112v0qdTRxqTk7ABNIhAjYSEEU
2019-07-24 09:47:21,046 DEBUG (BaseJdbcLogger.java:159)- ==>  Preparing: select id, openid, phone, nickname, password, sex, country, province, city, headimgurl,customer_source, privilege, state, register_time, update_time, real_name, birthday, register_department, source, scheduled_times,order_times, store_record_real_name, remark,remark2,remark3,remark4,responsible_person,data_integrity from customer where openid = ? 
2019-07-24 09:47:21,049 DEBUG (BaseJdbcLogger.java:159)- ==> Parameters: o7112v0qdTRxqTk7ABNIhAjYSEEU(String)
2019-07-24 09:47:21,065 DEBUG (BaseJdbcLogger.java:159)- <==      Total: 1
2019-07-24 09:54:03,845 INFO (CustomerCotroller.java:366)- 获取用户信息openid:o7112v0qdTRxqTk7ABNIhAjYSEEU
2019-07-24 09:54:03,858 DEBUG (BaseJdbcLogger.java:159)- ==>  Preparing: select id, openid, phone, nickname, password, sex, country, province, city, headimgurl,customer_source, privilege, state, register_time, update_time, real_name, birthday, register_department, source, scheduled_times,order_times, store_record_real_name, remark,remark2,remark3,remark4,responsible_person,data_integrity from customer where openid = ? 
2019-07-24 09:54:03,859 DEBUG (BaseJdbcLogger.java:159)- ==> Parameters: o7112v0qdTRxqTk7ABNIhAjYSEEU(String)
2019-07-24 09:54:03,872 DEBUG (BaseJdbcLogger.java:159)- <==      Total: 1
2019-07-24 09:55:47,187 INFO (CustomerCotroller.java:366)- 获取用户信息openid:o7112v0qdTRxqTk7ABNIhAjYSEEU
2019-07-24 09:55:47,196 DEBUG (BaseJdbcLogger.java:159)- ==>  Preparing: select id, openid, phone, nickname, password, sex, country, province, city, headimgurl,customer_source, privilege, state, register_time, update_time, real_name, birthday, register_department, source, scheduled_times,order_times, store_record_real_name, remark,remark2,remark3,remark4,responsible_person,data_integrity from customer where openid = ? 
2019-07-24 09:55:47,196 DEBUG (BaseJdbcLogger.java:159)- ==> Parameters: o7112v0qdTRxqTk7ABNIhAjYSEEU(String)
2019-07-24 09:55:47,208 DEBUG (BaseJdbcLogger.java:159)- <==      Total: 1
2019-07-24 10:08:56,333 INFO (CustomerCotroller.java:366)- 获取用户信息openid:o7112v0qdTRxqTk7ABNIhAjYSEEU
2019-07-24 10:08:56,345 DEBUG (BaseJdbcLogger.java:159)- ==>  Preparing: select id, openid, phone, nickname, password, sex, country, province, city, headimgurl,customer_source, privilege, state, register_time, update_time, real_name, birthday, register_department, source, scheduled_times,order_times, store_record_real_name, remark,remark2,remark3,remark4,responsible_person,data_integrity from customer where openid = ? 
2019-07-24 10:08:56,346 DEBUG (BaseJdbcLogger.java:159)- ==> Parameters: o7112v0qdTRxqTk7ABNIhAjYSEEU(String)
2019-07-24 10:08:56,361 DEBUG (BaseJdbcLogger.java:159)- <==      Total: 1
2019-07-24 10:23:33,219 INFO (CustomerCotroller.java:366)- 获取用户信息openid:o7112v0qdTRxqTk7ABNIhAjYSEEU
2019-07-24 10:23:33,229 DEBUG (BaseJdbcLogger.java:159)- ==>  Preparing: select id, openid, phone, nickname, password, sex, country, province, city, headimgurl,customer_source, privilege, state, register_time, update_time, real_name, birthday, register_department, source, scheduled_times,order_times, store_record_real_name, remark,remark2,remark3,remark4,responsible_person,data_integrity from customer where openid = ? 
2019-07-24 10:23:33,229 DEBUG (BaseJdbcLogger.java:159)- ==> Parameters: o7112v0qdTRxqTk7ABNIhAjYSEEU(String)
2019-07-24 10:23:33,246 DEBUG (BaseJdbcLogger.java:159)- <==      Total: 1
2019-07-24 10:23:33,728 INFO (CustomerCotroller.java:344)- 获取用户信息id:1806
2019-07-24 10:23:33,730 DEBUG (BaseJdbcLogger.java:159)- ==>  Preparing: select c.id, c.openid, c.phone, c. nickname, c. password, c. sex, c. country, c. province, c. city, c. headimgurl,c.customer_source, c. privilege, c. state, c. register_time, c. update_time, c. real_name, c. birthday, c. register_department, c. source, c. scheduled_times, c.order_times, c. store_record_real_name, c. remark, c.remark2, c.remark3, c.remark4,responsible_person,data_integrity, w.customer_id as wcustomer_id,w.id as wid, w.screen_name, w.name as wname, w.province as wprovince, w.city as wcity, w.location, w.description, w.url, w.profileImage_url, w.user_domain, w.gender, w.followers_count, w.friends_count, w.statuses_count, w.favourites_count, w.created_at, w.following, w.verified, w.verified_type, w.allow_all_act_asg, w.allow_all_comment, w.follow_me, w.avatar_large, w.online_status, w.bi_followers_count, w.remark, w.lang, w.verified_reason, w.weihao, w.status_id from customer c left join customer_weibo w on c.id=w.customer_id where c.id = ? 
2019-07-24 10:23:33,731 DEBUG (BaseJdbcLogger.java:159)- ==> Parameters: 1806(Integer)
2019-07-24 10:23:33,746 DEBUG (BaseJdbcLogger.java:159)- <==      Total: 1
2019-07-24 10:24:49,159 INFO (CustomerCotroller.java:366)- 获取用户信息openid:o7112v0qdTRxqTk7ABNIhAjYSEEU
2019-07-24 10:24:49,168 DEBUG (BaseJdbcLogger.java:159)- ==>  Preparing: select id, openid, phone, nickname, password, sex, country, province, city, headimgurl,customer_source, privilege, state, register_time, update_time, real_name, birthday, register_department, source, scheduled_times,order_times, store_record_real_name, remark,remark2,remark3,remark4,responsible_person,data_integrity from customer where openid = ? 
2019-07-24 10:24:49,169 DEBUG (BaseJdbcLogger.java:159)- ==> Parameters: o7112v0qdTRxqTk7ABNIhAjYSEEU(String)
2019-07-24 10:24:49,180 DEBUG (BaseJdbcLogger.java:159)- <==      Total: 1
2019-07-24 10:33:55,586 INFO (CustomerCotroller.java:366)- 获取用户信息openid:o7112v0qdTRxqTk7ABNIhAjYSEEU
2019-07-24 10:33:55,599 DEBUG (BaseJdbcLogger.java:159)- ==>  Preparing: select id, openid, phone, nickname, password, sex, country, province, city, headimgurl,customer_source, privilege, state, register_time, update_time, real_name, birthday, register_department, source, scheduled_times,order_times, store_record_real_name, remark,remark2,remark3,remark4,responsible_person,data_integrity from customer where openid = ? 
2019-07-24 10:33:55,600 DEBUG (BaseJdbcLogger.java:159)- ==> Parameters: o7112v0qdTRxqTk7ABNIhAjYSEEU(String)
2019-07-24 10:33:55,615 DEBUG (BaseJdbcLogger.java:159)- <==      Total: 1
2019-07-24 11:31:07,414 INFO (CustomerCotroller.java:366)- 获取用户信息openid:o7112v0qdTRxqTk7ABNIhAjYSEEU
2019-07-24 11:31:07,431 DEBUG (BaseJdbcLogger.java:159)- ==>  Preparing: select id, openid, phone, nickname, password, sex, country, province, city, headimgurl,customer_source, privilege, state, register_time, update_time, real_name, birthday, register_department, source, scheduled_times,order_times, store_record_real_name, remark,remark2,remark3,remark4,responsible_person,data_integrity from customer where openid = ? 
2019-07-24 11:31:07,432 DEBUG (BaseJdbcLogger.java:159)- ==> Parameters: o7112v0qdTRxqTk7ABNIhAjYSEEU(String)
2019-07-24 11:31:07,450 DEBUG (BaseJdbcLogger.java:159)- <==      Total: 1
2019-07-24 11:33:34,548 INFO (CustomerCotroller.java:344)- 获取用户信息id:1806
2019-07-24 11:33:34,559 DEBUG (BaseJdbcLogger.java:159)- ==>  Preparing: select c.id, c.openid, c.phone, c. nickname, c. password, c. sex, c. country, c. province, c. city, c. headimgurl,c.customer_source, c. privilege, c. state, c. register_time, c. update_time, c. real_name, c. birthday, c. register_department, c. source, c. scheduled_times, c.order_times, c. store_record_real_name, c. remark, c.remark2, c.remark3, c.remark4,responsible_person,data_integrity, w.customer_id as wcustomer_id,w.id as wid, w.screen_name, w.name as wname, w.province as wprovince, w.city as wcity, w.location, w.description, w.url, w.profileImage_url, w.user_domain, w.gender, w.followers_count, w.friends_count, w.statuses_count, w.favourites_count, w.created_at, w.following, w.verified, w.verified_type, w.allow_all_act_asg, w.allow_all_comment, w.follow_me, w.avatar_large, w.online_status, w.bi_followers_count, w.remark, w.lang, w.verified_reason, w.weihao, w.status_id from customer c left join customer_weibo w on c.id=w.customer_id where c.id = ? 
2019-07-24 11:33:34,560 DEBUG (BaseJdbcLogger.java:159)- ==> Parameters: 1806(Integer)
2019-07-24 11:33:34,576 DEBUG (BaseJdbcLogger.java:159)- <==      Total: 1
2019-07-24 11:34:37,375 INFO (CustomerCotroller.java:366)- 获取用户信息openid:o7112v0qdTRxqTk7ABNIhAjYSEEU
2019-07-24 11:34:37,384 DEBUG (BaseJdbcLogger.java:159)- ==>  Preparing: select id, openid, phone, nickname, password, sex, country, province, city, headimgurl,customer_source, privilege, state, register_time, update_time, real_name, birthday, register_department, source, scheduled_times,order_times, store_record_real_name, remark,remark2,remark3,remark4,responsible_person,data_integrity from customer where openid = ? 
2019-07-24 11:34:37,386 DEBUG (BaseJdbcLogger.java:159)- ==> Parameters: o7112v0qdTRxqTk7ABNIhAjYSEEU(String)
2019-07-24 11:34:37,399 DEBUG (BaseJdbcLogger.java:159)- <==      Total: 1
2019-07-24 11:34:54,649 INFO (CustomerCotroller.java:366)- 获取用户信息openid:o7112v0qdTRxqTk7ABNIhAjYSEEU
2019-07-24 11:34:54,656 DEBUG (BaseJdbcLogger.java:159)- ==>  Preparing: select id, openid, phone, nickname, password, sex, country, province, city, headimgurl,customer_source, privilege, state, register_time, update_time, real_name, birthday, register_department, source, scheduled_times,order_times, store_record_real_name, remark,remark2,remark3,remark4,responsible_person,data_integrity from customer where openid = ? 
2019-07-24 11:34:54,657 DEBUG (BaseJdbcLogger.java:159)- ==> Parameters: o7112v0qdTRxqTk7ABNIhAjYSEEU(String)
2019-07-24 11:34:54,668 DEBUG (BaseJdbcLogger.java:159)- <==      Total: 1
2019-07-24 11:35:40,700 INFO (CustomerCotroller.java:366)- 获取用户信息openid:o7112v0qdTRxqTk7ABNIhAjYSEEU
2019-07-24 11:35:40,711 DEBUG (BaseJdbcLogger.java:159)- ==>  Preparing: select id, openid, phone, nickname, password, sex, country, province, city, headimgurl,customer_source, privilege, state, register_time, update_time, real_name, birthday, register_department, source, scheduled_times,order_times, store_record_real_name, remark,remark2,remark3,remark4,responsible_person,data_integrity from customer where openid = ? 
2019-07-24 11:35:40,713 DEBUG (BaseJdbcLogger.java:159)- ==> Parameters: o7112v0qdTRxqTk7ABNIhAjYSEEU(String)
2019-07-24 11:35:40,727 DEBUG (BaseJdbcLogger.java:159)- <==      Total: 1
2019-07-24 11:35:52,828 INFO (CustomerCotroller.java:366)- 获取用户信息openid:o7112v0qdTRxqTk7ABNIhAjYSEEU
2019-07-24 11:35:52,839 DEBUG (BaseJdbcLogger.java:159)- ==>  Preparing: select id, openid, phone, nickname, password, sex, country, province, city, headimgurl,customer_source, privilege, state, register_time, update_time, real_name, birthday, register_department, source, scheduled_times,order_times, store_record_real_name, remark,remark2,remark3,remark4,responsible_person,data_integrity from customer where openid = ? 
2019-07-24 11:35:52,840 DEBUG (BaseJdbcLogger.java:159)- ==> Parameters: o7112v0qdTRxqTk7ABNIhAjYSEEU(String)
2019-07-24 11:35:52,852 DEBUG (BaseJdbcLogger.java:159)- <==      Total: 1
2019-07-24 11:36:07,824 INFO (CustomerCotroller.java:366)- 获取用户信息openid:o7112v-gTwp2OnTun_iBfiRz9_do
2019-07-24 11:36:07,832 DEBUG (BaseJdbcLogger.java:159)- ==>  Preparing: select id, openid, phone, nickname, password, sex, country, province, city, headimgurl,customer_source, privilege, state, register_time, update_time, real_name, birthday, register_department, source, scheduled_times,order_times, store_record_real_name, remark,remark2,remark3,remark4,responsible_person,data_integrity from customer where openid = ? 
2019-07-24 11:36:07,833 DEBUG (BaseJdbcLogger.java:159)- ==> Parameters: o7112v-gTwp2OnTun_iBfiRz9_do(String)
2019-07-24 11:36:07,844 DEBUG (BaseJdbcLogger.java:159)- <==      Total: 1
2019-07-24 11:36:13,227 INFO (CustomerCotroller.java:366)- 获取用户信息openid:o7112v0qdTRxqTk7ABNIhAjYSEEU
2019-07-24 11:36:13,236 DEBUG (BaseJdbcLogger.java:159)- ==>  Preparing: select id, openid, phone, nickname, password, sex, country, province, city, headimgurl,customer_source, privilege, state, register_time, update_time, real_name, birthday, register_department, source, scheduled_times,order_times, store_record_real_name, remark,remark2,remark3,remark4,responsible_person,data_integrity from customer where openid = ? 
2019-07-24 11:36:13,236 DEBUG (BaseJdbcLogger.java:159)- ==> Parameters: o7112v0qdTRxqTk7ABNIhAjYSEEU(String)
2019-07-24 11:36:13,249 DEBUG (BaseJdbcLogger.java:159)- <==      Total: 1
2019-07-24 11:36:34,104 INFO (CustomerCotroller.java:366)- 获取用户信息openid:o7112v-gTwp2OnTun_iBfiRz9_do
2019-07-24 11:36:34,118 DEBUG (BaseJdbcLogger.java:159)- ==>  Preparing: select id, openid, phone, nickname, password, sex, country, province, city, headimgurl,customer_source, privilege, state, register_time, update_time, real_name, birthday, register_department, source, scheduled_times,order_times, store_record_real_name, remark,remark2,remark3,remark4,responsible_person,data_integrity from customer where openid = ? 
2019-07-24 11:36:34,118 DEBUG (BaseJdbcLogger.java:159)- ==> Parameters: o7112v-gTwp2OnTun_iBfiRz9_do(String)
2019-07-24 11:36:34,135 DEBUG (BaseJdbcLogger.java:159)- <==      Total: 1
2019-07-24 11:36:37,973 INFO (CustomerCotroller.java:344)- 获取用户信息id:1805
2019-07-24 11:36:37,980 DEBUG (BaseJdbcLogger.java:159)- ==>  Preparing: select c.id, c.openid, c.phone, c. nickname, c. password, c. sex, c. country, c. province, c. city, c. headimgurl,c.customer_source, c. privilege, c. state, c. register_time, c. update_time, c. real_name, c. birthday, c. register_department, c. source, c. scheduled_times, c.order_times, c. store_record_real_name, c. remark, c.remark2, c.remark3, c.remark4,responsible_person,data_integrity, w.customer_id as wcustomer_id,w.id as wid, w.screen_name, w.name as wname, w.province as wprovince, w.city as wcity, w.location, w.description, w.url, w.profileImage_url, w.user_domain, w.gender, w.followers_count, w.friends_count, w.statuses_count, w.favourites_count, w.created_at, w.following, w.verified, w.verified_type, w.allow_all_act_asg, w.allow_all_comment, w.follow_me, w.avatar_large, w.online_status, w.bi_followers_count, w.remark, w.lang, w.verified_reason, w.weihao, w.status_id from customer c left join customer_weibo w on c.id=w.customer_id where c.id = ? 
2019-07-24 11:36:37,981 DEBUG (BaseJdbcLogger.java:159)- ==> Parameters: 1805(Integer)
2019-07-24 11:36:37,993 DEBUG (BaseJdbcLogger.java:159)- <==      Total: 1
2019-07-24 11:37:07,326 INFO (CustomerCotroller.java:366)- 获取用户信息openid:o7112v0qdTRxqTk7ABNIhAjYSEEU
2019-07-24 11:37:07,336 DEBUG (BaseJdbcLogger.java:159)- ==>  Preparing: select id, openid, phone, nickname, password, sex, country, province, city, headimgurl,customer_source, privilege, state, register_time, update_time, real_name, birthday, register_department, source, scheduled_times,order_times, store_record_real_name, remark,remark2,remark3,remark4,responsible_person,data_integrity from customer where openid = ? 
2019-07-24 11:37:07,337 DEBUG (BaseJdbcLogger.java:159)- ==> Parameters: o7112v0qdTRxqTk7ABNIhAjYSEEU(String)
2019-07-24 11:37:07,350 DEBUG (BaseJdbcLogger.java:159)- <==      Total: 1
2019-07-24 11:37:40,680 INFO (CustomerCotroller.java:366)- 获取用户信息openid:o7112v-gTwp2OnTun_iBfiRz9_do
2019-07-24 11:37:40,690 DEBUG (BaseJdbcLogger.java:159)- ==>  Preparing: select id, openid, phone, nickname, password, sex, country, province, city, headimgurl,customer_source, privilege, state, register_time, update_time, real_name, birthday, register_department, source, scheduled_times,order_times, store_record_real_name, remark,remark2,remark3,remark4,responsible_person,data_integrity from customer where openid = ? 
2019-07-24 11:37:40,691 DEBUG (BaseJdbcLogger.java:159)- ==> Parameters: o7112v-gTwp2OnTun_iBfiRz9_do(String)
2019-07-24 11:37:40,706 DEBUG (BaseJdbcLogger.java:159)- <==      Total: 1
2019-07-24 11:43:19,385 INFO (CustomerCotroller.java:344)- 获取用户信息id:1806
2019-07-24 11:43:19,394 DEBUG (BaseJdbcLogger.java:159)- ==>  Preparing: select c.id, c.openid, c.phone, c. nickname, c. password, c. sex, c. country, c. province, c. city, c. headimgurl,c.customer_source, c. privilege, c. state, c. register_time, c. update_time, c. real_name, c. birthday, c. register_department, c. source, c. scheduled_times, c.order_times, c. store_record_real_name, c. remark, c.remark2, c.remark3, c.remark4,responsible_person,data_integrity, w.customer_id as wcustomer_id,w.id as wid, w.screen_name, w.name as wname, w.province as wprovince, w.city as wcity, w.location, w.description, w.url, w.profileImage_url, w.user_domain, w.gender, w.followers_count, w.friends_count, w.statuses_count, w.favourites_count, w.created_at, w.following, w.verified, w.verified_type, w.allow_all_act_asg, w.allow_all_comment, w.follow_me, w.avatar_large, w.online_status, w.bi_followers_count, w.remark, w.lang, w.verified_reason, w.weihao, w.status_id from customer c left join customer_weibo w on c.id=w.customer_id where c.id = ? 
2019-07-24 11:43:19,395 DEBUG (BaseJdbcLogger.java:159)- ==> Parameters: 1806(Integer)
2019-07-24 11:43:19,408 DEBUG (BaseJdbcLogger.java:159)- <==      Total: 1
2019-07-24 11:44:37,782 INFO (CustomerCotroller.java:344)- 获取用户信息id:1806
2019-07-24 11:44:37,793 DEBUG (BaseJdbcLogger.java:159)- ==>  Preparing: select c.id, c.openid, c.phone, c. nickname, c. password, c. sex, c. country, c. province, c. city, c. headimgurl,c.customer_source, c. privilege, c. state, c. register_time, c. update_time, c. real_name, c. birthday, c. register_department, c. source, c. scheduled_times, c.order_times, c. store_record_real_name, c. remark, c.remark2, c.remark3, c.remark4,responsible_person,data_integrity, w.customer_id as wcustomer_id,w.id as wid, w.screen_name, w.name as wname, w.province as wprovince, w.city as wcity, w.location, w.description, w.url, w.profileImage_url, w.user_domain, w.gender, w.followers_count, w.friends_count, w.statuses_count, w.favourites_count, w.created_at, w.following, w.verified, w.verified_type, w.allow_all_act_asg, w.allow_all_comment, w.follow_me, w.avatar_large, w.online_status, w.bi_followers_count, w.remark, w.lang, w.verified_reason, w.weihao, w.status_id from customer c left join customer_weibo w on c.id=w.customer_id where c.id = ? 
2019-07-24 11:44:37,794 DEBUG (BaseJdbcLogger.java:159)- ==> Parameters: 1806(Integer)
2019-07-24 11:44:37,809 DEBUG (BaseJdbcLogger.java:159)- <==      Total: 1
2019-07-24 11:45:27,572 INFO (CustomerCotroller.java:344)- 获取用户信息id:1806
2019-07-24 11:45:27,582 DEBUG (BaseJdbcLogger.java:159)- ==>  Preparing: select c.id, c.openid, c.phone, c. nickname, c. password, c. sex, c. country, c. province, c. city, c. headimgurl,c.customer_source, c. privilege, c. state, c. register_time, c. update_time, c. real_name, c. birthday, c. register_department, c. source, c. scheduled_times, c.order_times, c. store_record_real_name, c. remark, c.remark2, c.remark3, c.remark4,responsible_person,data_integrity, w.customer_id as wcustomer_id,w.id as wid, w.screen_name, w.name as wname, w.province as wprovince, w.city as wcity, w.location, w.description, w.url, w.profileImage_url, w.user_domain, w.gender, w.followers_count, w.friends_count, w.statuses_count, w.favourites_count, w.created_at, w.following, w.verified, w.verified_type, w.allow_all_act_asg, w.allow_all_comment, w.follow_me, w.avatar_large, w.online_status, w.bi_followers_count, w.remark, w.lang, w.verified_reason, w.weihao, w.status_id from customer c left join customer_weibo w on c.id=w.customer_id where c.id = ? 
2019-07-24 11:45:27,583 DEBUG (BaseJdbcLogger.java:159)- ==> Parameters: 1806(Integer)
2019-07-24 11:45:27,599 DEBUG (BaseJdbcLogger.java:159)- <==      Total: 1
2019-07-24 11:45:41,720 INFO (CustomerCotroller.java:344)- 获取用户信息id:1806
2019-07-24 11:45:41,744 DEBUG (BaseJdbcLogger.java:159)- ==>  Preparing: select c.id, c.openid, c.phone, c. nickname, c. password, c. sex, c. country, c. province, c. city, c. headimgurl,c.customer_source, c. privilege, c. state, c. register_time, c. update_time, c. real_name, c. birthday, c. register_department, c. source, c. scheduled_times, c.order_times, c. store_record_real_name, c. remark, c.remark2, c.remark3, c.remark4,responsible_person,data_integrity, w.customer_id as wcustomer_id,w.id as wid, w.screen_name, w.name as wname, w.province as wprovince, w.city as wcity, w.location, w.description, w.url, w.profileImage_url, w.user_domain, w.gender, w.followers_count, w.friends_count, w.statuses_count, w.favourites_count, w.created_at, w.following, w.verified, w.verified_type, w.allow_all_act_asg, w.allow_all_comment, w.follow_me, w.avatar_large, w.online_status, w.bi_followers_count, w.remark, w.lang, w.verified_reason, w.weihao, w.status_id from customer c left join customer_weibo w on c.id=w.customer_id where c.id = ? 
2019-07-24 11:45:41,747 DEBUG (BaseJdbcLogger.java:159)- ==> Parameters: 1806(Integer)
2019-07-24 11:45:41,765 DEBUG (BaseJdbcLogger.java:159)- <==      Total: 1
2019-07-24 11:46:23,911 INFO (CustomerCotroller.java:344)- 获取用户信息id:1806
2019-07-24 11:46:23,921 DEBUG (BaseJdbcLogger.java:159)- ==>  Preparing: select c.id, c.openid, c.phone, c. nickname, c. password, c. sex, c. country, c. province, c. city, c. headimgurl,c.customer_source, c. privilege, c. state, c. register_time, c. update_time, c. real_name, c. birthday, c. register_department, c. source, c. scheduled_times, c.order_times, c. store_record_real_name, c. remark, c.remark2, c.remark3, c.remark4,responsible_person,data_integrity, w.customer_id as wcustomer_id,w.id as wid, w.screen_name, w.name as wname, w.province as wprovince, w.city as wcity, w.location, w.description, w.url, w.profileImage_url, w.user_domain, w.gender, w.followers_count, w.friends_count, w.statuses_count, w.favourites_count, w.created_at, w.following, w.verified, w.verified_type, w.allow_all_act_asg, w.allow_all_comment, w.follow_me, w.avatar_large, w.online_status, w.bi_followers_count, w.remark, w.lang, w.verified_reason, w.weihao, w.status_id from customer c left join customer_weibo w on c.id=w.customer_id where c.id = ? 
2019-07-24 11:46:23,922 DEBUG (BaseJdbcLogger.java:159)- ==> Parameters: 1806(Integer)
2019-07-24 11:46:23,937 DEBUG (BaseJdbcLogger.java:159)- <==      Total: 1
2019-07-24 11:47:33,707 INFO (CustomerCotroller.java:344)- 获取用户信息id:1806
2019-07-24 11:47:33,719 DEBUG (BaseJdbcLogger.java:159)- ==>  Preparing: select c.id, c.openid, c.phone, c. nickname, c. password, c. sex, c. country, c. province, c. city, c. headimgurl,c.customer_source, c. privilege, c. state, c. register_time, c. update_time, c. real_name, c. birthday, c. register_department, c. source, c. scheduled_times, c.order_times, c. store_record_real_name, c. remark, c.remark2, c.remark3, c.remark4,responsible_person,data_integrity, w.customer_id as wcustomer_id,w.id as wid, w.screen_name, w.name as wname, w.province as wprovince, w.city as wcity, w.location, w.description, w.url, w.profileImage_url, w.user_domain, w.gender, w.followers_count, w.friends_count, w.statuses_count, w.favourites_count, w.created_at, w.following, w.verified, w.verified_type, w.allow_all_act_asg, w.allow_all_comment, w.follow_me, w.avatar_large, w.online_status, w.bi_followers_count, w.remark, w.lang, w.verified_reason, w.weihao, w.status_id from customer c left join customer_weibo w on c.id=w.customer_id where c.id = ? 
2019-07-24 11:47:33,720 DEBUG (BaseJdbcLogger.java:159)- ==> Parameters: 1806(Integer)
2019-07-24 11:47:33,734 DEBUG (BaseJdbcLogger.java:159)- <==      Total: 1
2019-07-24 11:48:48,387 INFO (CustomerCotroller.java:344)- 获取用户信息id:1806
2019-07-24 11:48:48,396 DEBUG (BaseJdbcLogger.java:159)- ==>  Preparing: select c.id, c.openid, c.phone, c. nickname, c. password, c. sex, c. country, c. province, c. city, c. headimgurl,c.customer_source, c. privilege, c. state, c. register_time, c. update_time, c. real_name, c. birthday, c. register_department, c. source, c. scheduled_times, c.order_times, c. store_record_real_name, c. remark, c.remark2, c.remark3, c.remark4,responsible_person,data_integrity, w.customer_id as wcustomer_id,w.id as wid, w.screen_name, w.name as wname, w.province as wprovince, w.city as wcity, w.location, w.description, w.url, w.profileImage_url, w.user_domain, w.gender, w.followers_count, w.friends_count, w.statuses_count, w.favourites_count, w.created_at, w.following, w.verified, w.verified_type, w.allow_all_act_asg, w.allow_all_comment, w.follow_me, w.avatar_large, w.online_status, w.bi_followers_count, w.remark, w.lang, w.verified_reason, w.weihao, w.status_id from customer c left join customer_weibo w on c.id=w.customer_id where c.id = ? 
2019-07-24 11:48:48,397 DEBUG (BaseJdbcLogger.java:159)- ==> Parameters: 1806(Integer)
2019-07-24 11:48:48,411 DEBUG (BaseJdbcLogger.java:159)- <==      Total: 1
2019-07-24 11:48:57,826 INFO (CustomerCotroller.java:344)- 获取用户信息id:1806
2019-07-24 11:48:57,836 DEBUG (BaseJdbcLogger.java:159)- ==>  Preparing: select c.id, c.openid, c.phone, c. nickname, c. password, c. sex, c. country, c. province, c. city, c. headimgurl,c.customer_source, c. privilege, c. state, c. register_time, c. update_time, c. real_name, c. birthday, c. register_department, c. source, c. scheduled_times, c.order_times, c. store_record_real_name, c. remark, c.remark2, c.remark3, c.remark4,responsible_person,data_integrity, w.customer_id as wcustomer_id,w.id as wid, w.screen_name, w.name as wname, w.province as wprovince, w.city as wcity, w.location, w.description, w.url, w.profileImage_url, w.user_domain, w.gender, w.followers_count, w.friends_count, w.statuses_count, w.favourites_count, w.created_at, w.following, w.verified, w.verified_type, w.allow_all_act_asg, w.allow_all_comment, w.follow_me, w.avatar_large, w.online_status, w.bi_followers_count, w.remark, w.lang, w.verified_reason, w.weihao, w.status_id from customer c left join customer_weibo w on c.id=w.customer_id where c.id = ? 
2019-07-24 11:48:57,838 DEBUG (BaseJdbcLogger.java:159)- ==> Parameters: 1806(Integer)
2019-07-24 11:48:57,855 DEBUG (BaseJdbcLogger.java:159)- <==      Total: 1
2019-07-24 11:49:04,247 INFO (CustomerCotroller.java:344)- 获取用户信息id:1806
2019-07-24 11:49:04,257 DEBUG (BaseJdbcLogger.java:159)- ==>  Preparing: select c.id, c.openid, c.phone, c. nickname, c. password, c. sex, c. country, c. province, c. city, c. headimgurl,c.customer_source, c. privilege, c. state, c. register_time, c. update_time, c. real_name, c. birthday, c. register_department, c. source, c. scheduled_times, c.order_times, c. store_record_real_name, c. remark, c.remark2, c.remark3, c.remark4,responsible_person,data_integrity, w.customer_id as wcustomer_id,w.id as wid, w.screen_name, w.name as wname, w.province as wprovince, w.city as wcity, w.location, w.description, w.url, w.profileImage_url, w.user_domain, w.gender, w.followers_count, w.friends_count, w.statuses_count, w.favourites_count, w.created_at, w.following, w.verified, w.verified_type, w.allow_all_act_asg, w.allow_all_comment, w.follow_me, w.avatar_large, w.online_status, w.bi_followers_count, w.remark, w.lang, w.verified_reason, w.weihao, w.status_id from customer c left join customer_weibo w on c.id=w.customer_id where c.id = ? 
2019-07-24 11:49:04,258 DEBUG (BaseJdbcLogger.java:159)- ==> Parameters: 1806(Integer)
2019-07-24 11:49:04,322 DEBUG (BaseJdbcLogger.java:159)- <==      Total: 1
2019-07-24 11:49:34,106 INFO (CustomerCotroller.java:344)- 获取用户信息id:1806
2019-07-24 11:49:34,116 DEBUG (BaseJdbcLogger.java:159)- ==>  Preparing: select c.id, c.openid, c.phone, c. nickname, c. password, c. sex, c. country, c. province, c. city, c. headimgurl,c.customer_source, c. privilege, c. state, c. register_time, c. update_time, c. real_name, c. birthday, c. register_department, c. source, c. scheduled_times, c.order_times, c. store_record_real_name, c. remark, c.remark2, c.remark3, c.remark4,responsible_person,data_integrity, w.customer_id as wcustomer_id,w.id as wid, w.screen_name, w.name as wname, w.province as wprovince, w.city as wcity, w.location, w.description, w.url, w.profileImage_url, w.user_domain, w.gender, w.followers_count, w.friends_count, w.statuses_count, w.favourites_count, w.created_at, w.following, w.verified, w.verified_type, w.allow_all_act_asg, w.allow_all_comment, w.follow_me, w.avatar_large, w.online_status, w.bi_followers_count, w.remark, w.lang, w.verified_reason, w.weihao, w.status_id from customer c left join customer_weibo w on c.id=w.customer_id where c.id = ? 
2019-07-24 11:49:34,117 DEBUG (BaseJdbcLogger.java:159)- ==> Parameters: 1806(Integer)
2019-07-24 11:49:34,133 DEBUG (BaseJdbcLogger.java:159)- <==      Total: 1
2019-07-24 11:50:58,179 INFO (CustomerCotroller.java:344)- 获取用户信息id:1806
2019-07-24 11:50:58,192 DEBUG (BaseJdbcLogger.java:159)- ==>  Preparing: select c.id, c.openid, c.phone, c. nickname, c. password, c. sex, c. country, c. province, c. city, c. headimgurl,c.customer_source, c. privilege, c. state, c. register_time, c. update_time, c. real_name, c. birthday, c. register_department, c. source, c. scheduled_times, c.order_times, c. store_record_real_name, c. remark, c.remark2, c.remark3, c.remark4,responsible_person,data_integrity, w.customer_id as wcustomer_id,w.id as wid, w.screen_name, w.name as wname, w.province as wprovince, w.city as wcity, w.location, w.description, w.url, w.profileImage_url, w.user_domain, w.gender, w.followers_count, w.friends_count, w.statuses_count, w.favourites_count, w.created_at, w.following, w.verified, w.verified_type, w.allow_all_act_asg, w.allow_all_comment, w.follow_me, w.avatar_large, w.online_status, w.bi_followers_count, w.remark, w.lang, w.verified_reason, w.weihao, w.status_id from customer c left join customer_weibo w on c.id=w.customer_id where c.id = ? 
2019-07-24 11:50:58,193 DEBUG (BaseJdbcLogger.java:159)- ==> Parameters: 1806(Integer)
2019-07-24 11:50:58,211 DEBUG (BaseJdbcLogger.java:159)- <==      Total: 1
2019-07-24 11:51:04,334 INFO (CustomerCotroller.java:344)- 获取用户信息id:1806
2019-07-24 11:51:04,346 DEBUG (BaseJdbcLogger.java:159)- ==>  Preparing: select c.id, c.openid, c.phone, c. nickname, c. password, c. sex, c. country, c. province, c. city, c. headimgurl,c.customer_source, c. privilege, c. state, c. register_time, c. update_time, c. real_name, c. birthday, c. register_department, c. source, c. scheduled_times, c.order_times, c. store_record_real_name, c. remark, c.remark2, c.remark3, c.remark4,responsible_person,data_integrity, w.customer_id as wcustomer_id,w.id as wid, w.screen_name, w.name as wname, w.province as wprovince, w.city as wcity, w.location, w.description, w.url, w.profileImage_url, w.user_domain, w.gender, w.followers_count, w.friends_count, w.statuses_count, w.favourites_count, w.created_at, w.following, w.verified, w.verified_type, w.allow_all_act_asg, w.allow_all_comment, w.follow_me, w.avatar_large, w.online_status, w.bi_followers_count, w.remark, w.lang, w.verified_reason, w.weihao, w.status_id from customer c left join customer_weibo w on c.id=w.customer_id where c.id = ? 
2019-07-24 11:51:04,347 DEBUG (BaseJdbcLogger.java:159)- ==> Parameters: 1806(Integer)
2019-07-24 11:51:04,367 DEBUG (BaseJdbcLogger.java:159)- <==      Total: 1
2019-07-24 11:51:26,701 INFO (CustomerCotroller.java:344)- 获取用户信息id:1806
2019-07-24 11:51:26,709 DEBUG (BaseJdbcLogger.java:159)- ==>  Preparing: select c.id, c.openid, c.phone, c. nickname, c. password, c. sex, c. country, c. province, c. city, c. headimgurl,c.customer_source, c. privilege, c. state, c. register_time, c. update_time, c. real_name, c. birthday, c. register_department, c. source, c. scheduled_times, c.order_times, c. store_record_real_name, c. remark, c.remark2, c.remark3, c.remark4,responsible_person,data_integrity, w.customer_id as wcustomer_id,w.id as wid, w.screen_name, w.name as wname, w.province as wprovince, w.city as wcity, w.location, w.description, w.url, w.profileImage_url, w.user_domain, w.gender, w.followers_count, w.friends_count, w.statuses_count, w.favourites_count, w.created_at, w.following, w.verified, w.verified_type, w.allow_all_act_asg, w.allow_all_comment, w.follow_me, w.avatar_large, w.online_status, w.bi_followers_count, w.remark, w.lang, w.verified_reason, w.weihao, w.status_id from customer c left join customer_weibo w on c.id=w.customer_id where c.id = ? 
2019-07-24 11:51:26,711 DEBUG (BaseJdbcLogger.java:159)- ==> Parameters: 1806(Integer)
2019-07-24 11:51:26,726 DEBUG (BaseJdbcLogger.java:159)- <==      Total: 1
2019-07-24 11:52:40,222 INFO (CustomerCotroller.java:344)- 获取用户信息id:1806
2019-07-24 11:52:40,238 DEBUG (BaseJdbcLogger.java:159)- ==>  Preparing: select c.id, c.openid, c.phone, c. nickname, c. password, c. sex, c. country, c. province, c. city, c. headimgurl,c.customer_source, c. privilege, c. state, c. register_time, c. update_time, c. real_name, c. birthday, c. register_department, c. source, c. scheduled_times, c.order_times, c. store_record_real_name, c. remark, c.remark2, c.remark3, c.remark4,responsible_person,data_integrity, w.customer_id as wcustomer_id,w.id as wid, w.screen_name, w.name as wname, w.province as wprovince, w.city as wcity, w.location, w.description, w.url, w.profileImage_url, w.user_domain, w.gender, w.followers_count, w.friends_count, w.statuses_count, w.favourites_count, w.created_at, w.following, w.verified, w.verified_type, w.allow_all_act_asg, w.allow_all_comment, w.follow_me, w.avatar_large, w.online_status, w.bi_followers_count, w.remark, w.lang, w.verified_reason, w.weihao, w.status_id from customer c left join customer_weibo w on c.id=w.customer_id where c.id = ? 
2019-07-24 11:52:40,239 DEBUG (BaseJdbcLogger.java:159)- ==> Parameters: 1806(Integer)
2019-07-24 11:52:40,257 DEBUG (BaseJdbcLogger.java:159)- <==      Total: 1
2019-07-24 11:54:17,470 INFO (CustomerCotroller.java:344)- 获取用户信息id:1806
2019-07-24 11:54:17,483 DEBUG (BaseJdbcLogger.java:159)- ==>  Preparing: select c.id, c.openid, c.phone, c. nickname, c. password, c. sex, c. country, c. province, c. city, c. headimgurl,c.customer_source, c. privilege, c. state, c. register_time, c. update_time, c. real_name, c. birthday, c. register_department, c. source, c. scheduled_times, c.order_times, c. store_record_real_name, c. remark, c.remark2, c.remark3, c.remark4,responsible_person,data_integrity, w.customer_id as wcustomer_id,w.id as wid, w.screen_name, w.name as wname, w.province as wprovince, w.city as wcity, w.location, w.description, w.url, w.profileImage_url, w.user_domain, w.gender, w.followers_count, w.friends_count, w.statuses_count, w.favourites_count, w.created_at, w.following, w.verified, w.verified_type, w.allow_all_act_asg, w.allow_all_comment, w.follow_me, w.avatar_large, w.online_status, w.bi_followers_count, w.remark, w.lang, w.verified_reason, w.weihao, w.status_id from customer c left join customer_weibo w on c.id=w.customer_id where c.id = ? 
2019-07-24 11:54:17,485 DEBUG (BaseJdbcLogger.java:159)- ==> Parameters: 1806(Integer)
2019-07-24 11:54:17,503 DEBUG (BaseJdbcLogger.java:159)- <==      Total: 1
2019-07-24 11:54:41,907 INFO (CustomerCotroller.java:344)- 获取用户信息id:1806
2019-07-24 11:54:41,918 DEBUG (BaseJdbcLogger.java:159)- ==>  Preparing: select c.id, c.openid, c.phone, c. nickname, c. password, c. sex, c. country, c. province, c. city, c. headimgurl,c.customer_source, c. privilege, c. state, c. register_time, c. update_time, c. real_name, c. birthday, c. register_department, c. source, c. scheduled_times, c.order_times, c. store_record_real_name, c. remark, c.remark2, c.remark3, c.remark4,responsible_person,data_integrity, w.customer_id as wcustomer_id,w.id as wid, w.screen_name, w.name as wname, w.province as wprovince, w.city as wcity, w.location, w.description, w.url, w.profileImage_url, w.user_domain, w.gender, w.followers_count, w.friends_count, w.statuses_count, w.favourites_count, w.created_at, w.following, w.verified, w.verified_type, w.allow_all_act_asg, w.allow_all_comment, w.follow_me, w.avatar_large, w.online_status, w.bi_followers_count, w.remark, w.lang, w.verified_reason, w.weihao, w.status_id from customer c left join customer_weibo w on c.id=w.customer_id where c.id = ? 
2019-07-24 11:54:41,920 DEBUG (BaseJdbcLogger.java:159)- ==> Parameters: 1806(Integer)
2019-07-24 11:54:41,935 DEBUG (BaseJdbcLogger.java:159)- <==      Total: 1
2019-07-24 11:55:31,841 INFO (CustomerCotroller.java:344)- 获取用户信息id:1806
2019-07-24 11:55:31,853 DEBUG (BaseJdbcLogger.java:159)- ==>  Preparing: select c.id, c.openid, c.phone, c. nickname, c. password, c. sex, c. country, c. province, c. city, c. headimgurl,c.customer_source, c. privilege, c. state, c. register_time, c. update_time, c. real_name, c. birthday, c. register_department, c. source, c. scheduled_times, c.order_times, c. store_record_real_name, c. remark, c.remark2, c.remark3, c.remark4,responsible_person,data_integrity, w.customer_id as wcustomer_id,w.id as wid, w.screen_name, w.name as wname, w.province as wprovince, w.city as wcity, w.location, w.description, w.url, w.profileImage_url, w.user_domain, w.gender, w.followers_count, w.friends_count, w.statuses_count, w.favourites_count, w.created_at, w.following, w.verified, w.verified_type, w.allow_all_act_asg, w.allow_all_comment, w.follow_me, w.avatar_large, w.online_status, w.bi_followers_count, w.remark, w.lang, w.verified_reason, w.weihao, w.status_id from customer c left join customer_weibo w on c.id=w.customer_id where c.id = ? 
2019-07-24 11:55:31,854 DEBUG (BaseJdbcLogger.java:159)- ==> Parameters: 1806(Integer)
2019-07-24 11:55:31,872 DEBUG (BaseJdbcLogger.java:159)- <==      Total: 1
2019-07-24 11:55:44,824 INFO (CustomerCotroller.java:344)- 获取用户信息id:1806
2019-07-24 11:55:44,833 DEBUG (BaseJdbcLogger.java:159)- ==>  Preparing: select c.id, c.openid, c.phone, c. nickname, c. password, c. sex, c. country, c. province, c. city, c. headimgurl,c.customer_source, c. privilege, c. state, c. register_time, c. update_time, c. real_name, c. birthday, c. register_department, c. source, c. scheduled_times, c.order_times, c. store_record_real_name, c. remark, c.remark2, c.remark3, c.remark4,responsible_person,data_integrity, w.customer_id as wcustomer_id,w.id as wid, w.screen_name, w.name as wname, w.province as wprovince, w.city as wcity, w.location, w.description, w.url, w.profileImage_url, w.user_domain, w.gender, w.followers_count, w.friends_count, w.statuses_count, w.favourites_count, w.created_at, w.following, w.verified, w.verified_type, w.allow_all_act_asg, w.allow_all_comment, w.follow_me, w.avatar_large, w.online_status, w.bi_followers_count, w.remark, w.lang, w.verified_reason, w.weihao, w.status_id from customer c left join customer_weibo w on c.id=w.customer_id where c.id = ? 
2019-07-24 11:55:44,834 DEBUG (BaseJdbcLogger.java:159)- ==> Parameters: 1806(Integer)
2019-07-24 11:55:44,849 DEBUG (BaseJdbcLogger.java:159)- <==      Total: 1
2019-07-24 11:55:54,110 INFO (CustomerCotroller.java:344)- 获取用户信息id:1806
2019-07-24 11:55:54,127 DEBUG (BaseJdbcLogger.java:159)- ==>  Preparing: select c.id, c.openid, c.phone, c. nickname, c. password, c. sex, c. country, c. province, c. city, c. headimgurl,c.customer_source, c. privilege, c. state, c. register_time, c. update_time, c. real_name, c. birthday, c. register_department, c. source, c. scheduled_times, c.order_times, c. store_record_real_name, c. remark, c.remark2, c.remark3, c.remark4,responsible_person,data_integrity, w.customer_id as wcustomer_id,w.id as wid, w.screen_name, w.name as wname, w.province as wprovince, w.city as wcity, w.location, w.description, w.url, w.profileImage_url, w.user_domain, w.gender, w.followers_count, w.friends_count, w.statuses_count, w.favourites_count, w.created_at, w.following, w.verified, w.verified_type, w.allow_all_act_asg, w.allow_all_comment, w.follow_me, w.avatar_large, w.online_status, w.bi_followers_count, w.remark, w.lang, w.verified_reason, w.weihao, w.status_id from customer c left join customer_weibo w on c.id=w.customer_id where c.id = ? 
2019-07-24 11:55:54,128 DEBUG (BaseJdbcLogger.java:159)- ==> Parameters: 1806(Integer)
2019-07-24 11:55:54,147 DEBUG (BaseJdbcLogger.java:159)- <==      Total: 1
2019-07-24 11:56:21,045 INFO (CustomerCotroller.java:344)- 获取用户信息id:1806
2019-07-24 11:56:21,054 DEBUG (BaseJdbcLogger.java:159)- ==>  Preparing: select c.id, c.openid, c.phone, c. nickname, c. password, c. sex, c. country, c. province, c. city, c. headimgurl,c.customer_source, c. privilege, c. state, c. register_time, c. update_time, c. real_name, c. birthday, c. register_department, c. source, c. scheduled_times, c.order_times, c. store_record_real_name, c. remark, c.remark2, c.remark3, c.remark4,responsible_person,data_integrity, w.customer_id as wcustomer_id,w.id as wid, w.screen_name, w.name as wname, w.province as wprovince, w.city as wcity, w.location, w.description, w.url, w.profileImage_url, w.user_domain, w.gender, w.followers_count, w.friends_count, w.statuses_count, w.favourites_count, w.created_at, w.following, w.verified, w.verified_type, w.allow_all_act_asg, w.allow_all_comment, w.follow_me, w.avatar_large, w.online_status, w.bi_followers_count, w.remark, w.lang, w.verified_reason, w.weihao, w.status_id from customer c left join customer_weibo w on c.id=w.customer_id where c.id = ? 
2019-07-24 11:56:21,055 DEBUG (BaseJdbcLogger.java:159)- ==> Parameters: 1806(Integer)
2019-07-24 11:56:21,071 DEBUG (BaseJdbcLogger.java:159)- <==      Total: 1
2019-07-24 11:57:04,766 INFO (CustomerCotroller.java:344)- 获取用户信息id:1806
2019-07-24 11:57:04,778 DEBUG (BaseJdbcLogger.java:159)- ==>  Preparing: select c.id, c.openid, c.phone, c. nickname, c. password, c. sex, c. country, c. province, c. city, c. headimgurl,c.customer_source, c. privilege, c. state, c. register_time, c. update_time, c. real_name, c. birthday, c. register_department, c. source, c. scheduled_times, c.order_times, c. store_record_real_name, c. remark, c.remark2, c.remark3, c.remark4,responsible_person,data_integrity, w.customer_id as wcustomer_id,w.id as wid, w.screen_name, w.name as wname, w.province as wprovince, w.city as wcity, w.location, w.description, w.url, w.profileImage_url, w.user_domain, w.gender, w.followers_count, w.friends_count, w.statuses_count, w.favourites_count, w.created_at, w.following, w.verified, w.verified_type, w.allow_all_act_asg, w.allow_all_comment, w.follow_me, w.avatar_large, w.online_status, w.bi_followers_count, w.remark, w.lang, w.verified_reason, w.weihao, w.status_id from customer c left join customer_weibo w on c.id=w.customer_id where c.id = ? 
2019-07-24 11:57:04,778 DEBUG (BaseJdbcLogger.java:159)- ==> Parameters: 1806(Integer)
2019-07-24 11:57:04,796 DEBUG (BaseJdbcLogger.java:159)- <==      Total: 1
2019-07-24 11:57:26,822 INFO (CustomerCotroller.java:344)- 获取用户信息id:1806
2019-07-24 11:57:26,833 DEBUG (BaseJdbcLogger.java:159)- ==>  Preparing: select c.id, c.openid, c.phone, c. nickname, c. password, c. sex, c. country, c. province, c. city, c. headimgurl,c.customer_source, c. privilege, c. state, c. register_time, c. update_time, c. real_name, c. birthday, c. register_department, c. source, c. scheduled_times, c.order_times, c. store_record_real_name, c. remark, c.remark2, c.remark3, c.remark4,responsible_person,data_integrity, w.customer_id as wcustomer_id,w.id as wid, w.screen_name, w.name as wname, w.province as wprovince, w.city as wcity, w.location, w.description, w.url, w.profileImage_url, w.user_domain, w.gender, w.followers_count, w.friends_count, w.statuses_count, w.favourites_count, w.created_at, w.following, w.verified, w.verified_type, w.allow_all_act_asg, w.allow_all_comment, w.follow_me, w.avatar_large, w.online_status, w.bi_followers_count, w.remark, w.lang, w.verified_reason, w.weihao, w.status_id from customer c left join customer_weibo w on c.id=w.customer_id where c.id = ? 
2019-07-24 11:57:26,833 DEBUG (BaseJdbcLogger.java:159)- ==> Parameters: 1806(Integer)
2019-07-24 11:57:26,848 DEBUG (BaseJdbcLogger.java:159)- <==      Total: 1
2019-07-24 11:58:27,367 INFO (CustomerCotroller.java:344)- 获取用户信息id:1806
2019-07-24 11:58:27,380 DEBUG (BaseJdbcLogger.java:159)- ==>  Preparing: select c.id, c.openid, c.phone, c. nickname, c. password, c. sex, c. country, c. province, c. city, c. headimgurl,c.customer_source, c. privilege, c. state, c. register_time, c. update_time, c. real_name, c. birthday, c. register_department, c. source, c. scheduled_times, c.order_times, c. store_record_real_name, c. remark, c.remark2, c.remark3, c.remark4,responsible_person,data_integrity, w.customer_id as wcustomer_id,w.id as wid, w.screen_name, w.name as wname, w.province as wprovince, w.city as wcity, w.location, w.description, w.url, w.profileImage_url, w.user_domain, w.gender, w.followers_count, w.friends_count, w.statuses_count, w.favourites_count, w.created_at, w.following, w.verified, w.verified_type, w.allow_all_act_asg, w.allow_all_comment, w.follow_me, w.avatar_large, w.online_status, w.bi_followers_count, w.remark, w.lang, w.verified_reason, w.weihao, w.status_id from customer c left join customer_weibo w on c.id=w.customer_id where c.id = ? 
2019-07-24 11:58:27,383 DEBUG (BaseJdbcLogger.java:159)- ==> Parameters: 1806(Integer)
2019-07-24 11:58:27,400 DEBUG (BaseJdbcLogger.java:159)- <==      Total: 1
2019-07-24 12:00:00,001 INFO (CouponService.java:177)- 每天定时任务,查看优惠券是否即将过期,发起消息模板提醒
2019-07-24 12:00:00,015 DEBUG (BaseJdbcLogger.java:159)- ==>  Preparing: select ccr.id as id, customer_id, coupon_id, ccr.state as state, code, receive_time, ccr.valid_start_time as valid_start_time, ccr.valid_end_time as valid_end_time, use_date, ccr.remark as remark, cp.id as cpid, name, discount_amount,reaching_amount, discount_percent, type, condition1, note, valid_type, valid_date, cp.valid_start_time as cpvalid_start_time , cp.valid_end_time as cpvalid_end_time, all_quantity, receive_quantity, use_quantity, limit_quantity, cp.state as cpstate, cp.remark as cpremark, c.id as cid, openid, phone, nickname, password, sex, country, province, city, headimgurl, privilege, c.state as cstate, register_time, c.update_time as cupdate_time, real_name, birthday, register_department, source, scheduled_times,order_times, store_record_real_name from coupon_customer_relevance ccr left join coupon cp on ccr.coupon_id = cp.id left join customer c on ccr.customer_id = c.id order by receive_time desc 
2019-07-24 12:00:00,016 DEBUG (BaseJdbcLogger.java:159)- ==> Parameters: 
2019-07-24 12:00:01,359 DEBUG (BaseJdbcLogger.java:159)- <==      Total: 3013
