2019-07-18 18:08:52,978 INFO (DirectJDKLog.java:180)- Initializing ProtocolHandler ["http-nio-8089"]
2019-07-18 18:08:53,006 INFO (DirectJDKLog.java:180)- Starting service [Tomcat]
2019-07-18 18:08:53,007 INFO (DirectJDKLog.java:180)- Starting Servlet Engine: Apache Tomcat/8.5.31
2019-07-18 18:08:53,026 INFO (DirectJDKLog.java:180)- The APR based Apache Tomcat Native library which allows optimal performance in production environments was not found on the java.library.path: [D:\Java\jdk1.8.0_161\bin;C:\WINDOWS\Sun\Java\bin;C:\WINDOWS\system32;C:\WINDOWS;C:/Program Files/Java/jre1.8.0_181/bin/server;C:/Program Files/Java/jre1.8.0_181/bin;C:/Program Files/Java/jre1.8.0_181/lib/amd64;C:\Program Files (x86)\Common Files\Oracle\Java\javapath;D:\Python3\;D:\Python3\Scripts;C:\ProgramData\Boxstarter;C:\ProgramData\Oracle\Java\javapath;C:\Program Files (x86)\Intel\iCLS Client\;C:\Program Files\Intel\iCLS Client\;C:\Windows\system32;C:\Windows;C:\Windows\System32\Wbem;C:\Windows\System32\WindowsPowerShell\v1.0\;C:\Program Files (x86)\NVIDIA Corporation\PhysX\Common;C:\Program Files (x86)\Intel\Intel(R) Management Engine Components\DAL;C:\Program Files\Intel\Intel(R) Management Engine Components\DAL;C:\Program Files (x86)\Intel\Intel(R) Management Engine Components\IPT;C:\Program Files\Intel\Intel(R) Management Engine Components\IPT;D:\Java\jdk1.8.0_161\bin;D:\Java\jdk1.8.0_161\jre\bin;D:\Java\apache-maven-3.5.3\bin;C:\WINDOWS\system32;C:\WINDOWS;C:\WINDOWS\System32\Wbem;C:\WINDOWS\System32\WindowsPowerShell\v1.0\;C:\WINDOWS\System32\OpenSSH\;C:\ProgramData\chocolatey\bin;C:\Program Files\nodejs\node_global\;C:\Program Files (x86)\HP\Unified Functional Testing\bin;C:\Program Files\nodejs\;C:\Users\bailun\AppData\Local\Microsoft\WindowsApps;C:\Users\bailun\AppData\Roaming\npm;D:\workapp\eclipse;;.]
2019-07-18 18:08:53,241 INFO (DirectJDKLog.java:180)- Initializing Spring embedded WebApplicationContext
2019-07-18 18:08:57,160 INFO (DirectJDKLog.java:180)- Starting ProtocolHandler ["http-nio-8089"]
2019-07-18 18:08:57,182 INFO (DirectJDKLog.java:180)- Using a shared selector for servlet write/read
2019-07-18 18:15:30,776 INFO (DirectJDKLog.java:180)- Initializing Spring FrameworkServlet 'dispatcherServlet'
2019-07-18 18:15:31,589 INFO (CustomerCotroller.java:367)- 获取用户信息openid:o7112v0qdTRxqTk7ABNIhAjYSEEU
2019-07-18 18:15:31,657 INFO (HikariDataSource.java:110)- HikariPool-1 - Starting...
2019-07-18 18:15:32,087 INFO (HikariDataSource.java:123)- HikariPool-1 - Start completed.
2019-07-18 18:15:32,097 DEBUG (BaseJdbcLogger.java:159)- ==>  Preparing: select id, openid, phone, nickname, password, sex, country, province, city, headimgurl,customer_source, privilege, state, register_time, update_time, real_name, birthday, register_department, source, scheduled_times,order_times, store_record_real_name, remark,remark2,remark3,remark4,responsible_person,data_integrity from customer where openid = ? 
2019-07-18 18:15:32,124 DEBUG (BaseJdbcLogger.java:159)- ==> Parameters: o7112v0qdTRxqTk7ABNIhAjYSEEU(String)
2019-07-18 18:15:32,151 DEBUG (BaseJdbcLogger.java:159)- <==      Total: 0
2019-07-18 18:15:32,649 DEBUG (BaseJdbcLogger.java:159)- ==>  Preparing: insert into customer (id, openid, phone, nickname, password, sex, country, province, city, headimgurl, privilege, state, register_time, update_time, real_name, birthday, register_department, source, scheduled_times,order_times, store_record_real_name, remark,remark2,remark3,remark4) values (?, ?, ?, ?, ?, ?, ?, ?, ?, ?, ?, ?, ?, ?, ?, ?, ?, ?, ?,?,?, ?,?,?,?) 
2019-07-18 18:15:32,660 DEBUG (BaseJdbcLogger.java:159)- ==> Parameters: null, o7112v0qdTRxqTk7ABNIhAjYSEEU(String), null, Christy(String), null, 女(String), 奥地利(String), 克恩顿(String), (String), http://thirdwx.qlogo.cn/mmopen/vi_32/agMlkibzDxzGhsbdKC0pJVEc7A8FJ1kAzAAuSwJx2ibXWsu9jeCN9843wAZBTj2UDGLDs84QIQfuaIgVrdvgBWjg/132(String), [](String), 1(String), 2019-07-18 18:15:32.648(Timestamp), 2019-07-18 18:15:32.648(Timestamp), null, null, null, 3(Integer), 0(Integer), 0(Integer), null, null, null, null, null
2019-07-18 18:15:32,686 DEBUG (BaseJdbcLogger.java:159)- <==    Updates: 1
2019-07-18 18:15:32,688 DEBUG (BaseJdbcLogger.java:159)- ==>  Preparing: SELECT @@IDENTITY AS id 
2019-07-18 18:15:32,688 DEBUG (BaseJdbcLogger.java:159)- ==> Parameters: 
2019-07-18 18:15:32,714 DEBUG (BaseJdbcLogger.java:159)- <==      Total: 1
2019-07-18 18:15:33,904 INFO (CustomerCotroller.java:345)- 获取用户信息id:1804
2019-07-18 18:15:33,912 DEBUG (BaseJdbcLogger.java:159)- ==>  Preparing: select c.id, c.openid, c.phone, c. nickname, c. password, c. sex, c. country, c. province, c. city, c. headimgurl,c.customer_source, c. privilege, c. state, c. register_time, c. update_time, c. real_name, c. birthday, c. register_department, c. source, c. scheduled_times, c.order_times, c. store_record_real_name, c. remark, c.remark2, c.remark3, c.remark4,responsible_person,data_integrity, w.customer_id as wcustomer_id,w.id as wid, w.screen_name, w.name as wname, w.province as wprovince, w.city as wcity, w.location, w.description, w.url, w.profileImage_url, w.user_domain, w.gender, w.followers_count, w.friends_count, w.statuses_count, w.favourites_count, w.created_at, w.following, w.verified, w.verified_type, w.allow_all_act_asg, w.allow_all_comment, w.follow_me, w.avatar_large, w.online_status, w.bi_followers_count, w.remark, w.lang, w.verified_reason, w.weihao, w.status_id from customer c left join customer_weibo w on c.id=w.customer_id where c.id = ? 
2019-07-18 18:15:33,913 DEBUG (BaseJdbcLogger.java:159)- ==> Parameters: 1804(Integer)
2019-07-18 18:15:33,938 DEBUG (BaseJdbcLogger.java:159)- <==      Total: 1
